#
# There is insufficient memory for the Java Runtime Environment to continue.
# Native memory allocation (mmap) failed to map 516096 bytes. Error detail: G1 virtual space
# Possible reasons:
#   The system is out of physical RAM or swap space
#   This process is running with CompressedOops enabled, and the Java Heap may be blocking the growth of the native heap
# Possible solutions:
#   Reduce memory load on the system
#   Increase physical memory or swap space
#   Check if swap backing store is full
#   Decrease Java heap size (-Xmx/-Xms)
#   Decrease number of Java threads
#   Decrease Java thread stack sizes (-Xss)
#   Set larger code cache with -XX:ReservedCodeCacheSize=
#   JVM is running with Zero Based Compressed Oops mode in which the Java heap is
#     placed in the first 32GB address space. The Java Heap base address is the
#     maximum limit for the native heap growth. Please use -XX:HeapBaseMinAddress
#     to set the Java Heap base and to place the Java Heap above 32GB virtual address.
# This output file may be truncated or incomplete.
#
#  Out of Memory Error (os_windows.cpp:3613), pid=25072, tid=29040
#
# JRE version:  (17.0.11+9) (build )
# Java VM: OpenJDK 64-Bit Server VM (17.0.11+9, mixed mode, sharing, tiered, compressed oops, compressed class ptrs, g1 gc, windows-amd64)
# No core dump will be written. Minidumps are not enabled by default on client versions of Windows
#

---------------  S U M M A R Y ------------

Command Line: -XX:+ShowCodeDetailsInExceptionMessages ir.ac.kntu.Main

Host: 12th Gen Intel(R) Core(TM) i5-1235U, 12 cores, 15G,  Windows 11 , 64 bit Build 22621 (10.0.22621.3527)
Time: Wed Jun 12 17:23:30 2024 Iran Standard Time elapsed time: 0.322231 seconds (0d 0h 0m 0s)

---------------  T H R E A D  ---------------

Current thread (0x000001f62edae9f0):  JavaThread "Unknown thread" [_thread_in_vm, id=29040, stack(0x00000088f1500000,0x00000088f1600000)]

Stack: [0x00000088f1500000,0x00000088f1600000]
Native frames: (J=compiled Java code, j=interpreted, Vv=VM code, C=native code)
V  [jvm.dll+0x67d429]
V  [jvm.dll+0x834b7a]
V  [jvm.dll+0x83663e]
V  [jvm.dll+0x836ca3]
V  [jvm.dll+0x247dbf]
V  [jvm.dll+0x67a269]
V  [jvm.dll+0x66ecda]
V  [jvm.dll+0x30797b]
V  [jvm.dll+0x30ee26]
V  [jvm.dll+0x35e86d]
V  [jvm.dll+0x35ea3f]
V  [jvm.dll+0x2de6b8]
V  [jvm.dll+0x2df624]
V  [jvm.dll+0x806531]
V  [jvm.dll+0x36c561]
V  [jvm.dll+0x7e4f56]
V  [jvm.dll+0x3efdcf]
V  [jvm.dll+0x3f1921]
C  [jli.dll+0x528f]
C  [ucrtbase.dll+0x29333]
C  [KERNEL32.DLL+0x1257d]
C  [ntdll.dll+0x5aa48]


---------------  P R O C E S S  ---------------

Threads class SMR info:
_java_thread_list=0x00007ffda500eed8, length=0, elements={
}

Java Threads: ( => current thread )

Other Threads:
  0x000001f62ee1be50 GCTaskThread "GC Thread#0" [stack: 0x00000088f1600000,0x00000088f1700000] [id=4952]
  0x000001f62ee2d010 ConcurrentGCThread "G1 Main Marker" [stack: 0x00000088f1700000,0x00000088f1800000] [id=5288]
  0x000001f62ee2d930 ConcurrentGCThread "G1 Conc#0" [stack: 0x00000088f1800000,0x00000088f1900000] [id=9452]

[error occurred during error reporting (printing all threads), id 0xc0000005, EXCEPTION_ACCESS_VIOLATION (0xc0000005) at pc=0x00007ffda47cf0f7]

VM state: not at safepoint (not fully initialized)

VM Mutex/Monitor currently owned by a thread:  ([mutex/lock_event])
[0x000001f62edace20] Heap_lock - owner thread: 0x000001f62edae9f0

Heap address: 0x0000000704400000, size: 4028 MB, Compressed Oops mode: Zero based, Oop shift amount: 3

CDS archive(s) mapped at: [0x0000000000000000-0x0000000000000000-0x0000000000000000), size 0, SharedBaseAddress: 0x0000000800000000, ArchiveRelocationMode: 1.
Narrow klass base: 0x0000000000000000, Narrow klass shift: 0, Narrow klass range: 0x0

GC Precious Log:
<Empty>

Heap:
 garbage-first heap   total 0K, used 0K [0x0000000704400000, 0x0000000800000000)
  region size 2048K, 0 young (0K), 0 survivors (0K)

[error occurred during error reporting (printing heap information), id 0xc0000005, EXCEPTION_ACCESS_VIOLATION (0xc0000005) at pc=0x00007ffda4bb70c9]

GC Heap History (0 events):
No events

Dll operation events (1 events):
Event: 0.160 Loaded shared library C:\Users\farhadalirezaei\AppData\Roaming\Code\User\globalStorage\pleiades.java-extension-pack-jdk\java\17\bin\java.dll

Deoptimization events (0 events):
No events

Classes unloaded (0 events):
No events

Classes redefined (0 events):
No events

Internal exceptions (0 events):
No events

VM Operations (0 events):
No events

Events (0 events):
No events


Dynamic libraries:
0x00007ff70a8d0000 - 0x00007ff70a8de000 	C:\Users\farhadalirezaei\AppData\Roaming\Code\User\globalStorage\pleiades.java-extension-pack-jdk\java\17\bin\java.exe
0x00007ffe0a290000 - 0x00007ffe0a4a7000 	C:\Windows\SYSTEM32\ntdll.dll
0x00007ffe09510000 - 0x00007ffe095d4000 	C:\Windows\System32\KERNEL32.DLL
0x00007ffe07820000 - 0x00007ffe07bc7000 	C:\Windows\System32\KERNELBASE.dll
0x00007ffe076d0000 - 0x00007ffe077e1000 	C:\Windows\System32\ucrtbase.dll
0x00007ffdf2c90000 - 0x00007ffdf2ca7000 	C:\Users\farhadalirezaei\AppData\Roaming\Code\User\globalStorage\pleiades.java-extension-pack-jdk\java\17\bin\jli.dll
0x00007ffe09ff0000 - 0x00007ffe0a19e000 	C:\Windows\System32\USER32.dll
0x00007ffe077f0000 - 0x00007ffe07816000 	C:\Windows\System32\win32u.dll
0x00007ffe09970000 - 0x00007ffe09999000 	C:\Windows\System32\GDI32.dll
0x00007ffdd8370000 - 0x00007ffdd8603000 	C:\Windows\WinSxS\amd64_microsoft.windows.common-controls_6595b64144ccf1df_6.0.22621.3527_none_270e469b73872a76\COMCTL32.dll
0x00007ffe075b0000 - 0x00007ffe076c9000 	C:\Windows\System32\gdi32full.dll
0x00007ffe09e40000 - 0x00007ffe09ee7000 	C:\Windows\System32\msvcrt.dll
0x00007ffe07eb0000 - 0x00007ffe07f4a000 	C:\Windows\System32\msvcp_win.dll
0x00007ffdd7350000 - 0x00007ffdd736b000 	C:\Users\farhadalirezaei\AppData\Roaming\Code\User\globalStorage\pleiades.java-extension-pack-jdk\java\17\bin\VCRUNTIME140.dll
0x00007ffe09bc0000 - 0x00007ffe09bf1000 	C:\Windows\System32\IMM32.DLL
0x00007ffdf2c80000 - 0x00007ffdf2c8c000 	C:\Users\farhadalirezaei\AppData\Roaming\Code\User\globalStorage\pleiades.java-extension-pack-jdk\java\17\bin\vcruntime140_1.dll
0x00007ffdca0e0000 - 0x00007ffdca16d000 	C:\Users\farhadalirezaei\AppData\Roaming\Code\User\globalStorage\pleiades.java-extension-pack-jdk\java\17\bin\msvcp140.dll
0x00007ffda44e0000 - 0x00007ffda5142000 	C:\Users\farhadalirezaei\AppData\Roaming\Code\User\globalStorage\pleiades.java-extension-pack-jdk\java\17\bin\server\jvm.dll
0x00007ffe08770000 - 0x00007ffe08822000 	C:\Windows\System32\ADVAPI32.dll
0x00007ffe09d20000 - 0x00007ffe09dc8000 	C:\Windows\System32\sechost.dll
0x00007ffe07c90000 - 0x00007ffe07cb8000 	C:\Windows\System32\bcrypt.dll
0x00007ffe08330000 - 0x00007ffe08445000 	C:\Windows\System32\RPCRT4.dll
0x00007ffe07470000 - 0x00007ffe074bd000 	C:\Windows\SYSTEM32\POWRPROF.dll
0x00007ffe041e0000 - 0x00007ffe041e9000 	C:\Windows\SYSTEM32\WSOCK32.dll
0x00007ffdeec60000 - 0x00007ffdeec6a000 	C:\Windows\SYSTEM32\VERSION.dll
0x00007ffe01440000 - 0x00007ffe01474000 	C:\Windows\SYSTEM32\WINMM.dll
0x00007ffe082b0000 - 0x00007ffe08321000 	C:\Windows\System32\WS2_32.dll
0x00007ffe07450000 - 0x00007ffe07463000 	C:\Windows\SYSTEM32\UMPDC.dll
0x00007ffe06590000 - 0x00007ffe065a8000 	C:\Windows\SYSTEM32\kernel.appcore.dll
0x00007ffddb940000 - 0x00007ffddb94a000 	C:\Users\farhadalirezaei\AppData\Roaming\Code\User\globalStorage\pleiades.java-extension-pack-jdk\java\17\bin\jimage.dll
0x00007ffe04d40000 - 0x00007ffe04f72000 	C:\Windows\SYSTEM32\DBGHELP.DLL
0x00007ffe095e0000 - 0x00007ffe09968000 	C:\Windows\System32\combase.dll
0x00007ffe09f10000 - 0x00007ffe09fe7000 	C:\Windows\System32\OLEAUT32.dll
0x00007ffdeb190000 - 0x00007ffdeb1c2000 	C:\Windows\SYSTEM32\dbgcore.DLL
0x00007ffe07e30000 - 0x00007ffe07ea9000 	C:\Windows\System32\bcryptPrimitives.dll
0x00007ffdd6f20000 - 0x00007ffdd6f45000 	C:\Users\farhadalirezaei\AppData\Roaming\Code\User\globalStorage\pleiades.java-extension-pack-jdk\java\17\bin\java.dll

dbghelp: loaded successfully - version: 4.0.5 - missing functions: none
symbol engine: initialized successfully - sym options: 0x614 - pdb path: .;C:\Users\farhadalirezaei\AppData\Roaming\Code\User\globalStorage\pleiades.java-extension-pack-jdk\java\17\bin;C:\Windows\SYSTEM32;C:\Windows\WinSxS\amd64_microsoft.windows.common-controls_6595b64144ccf1df_6.0.22621.3527_none_270e469b73872a76;C:\Users\farhadalirezaei\AppData\Roaming\Code\User\globalStorage\pleiades.java-extension-pack-jdk\java\17\bin\server

VM Arguments:
jvm_args: -XX:+ShowCodeDetailsInExceptionMessages 
java_command: ir.ac.kntu.Main
java_class_path (initial): C:\Users\farhadalirezaei\OneDrive\Desktop\project3\build\resources\main;C:\Users\farhadalirezaei\OneDrive\Desktop\project3\build\classes\java\main
Launcher Type: SUN_STANDARD

[Global flags]
     intx CICompilerCount                          = 4                                         {product} {ergonomic}
     uint ConcGCThreads                            = 3                                         {product} {ergonomic}
     uint G1ConcRefinementThreads                  = 10                                        {product} {ergonomic}
   size_t G1HeapRegionSize                         = 2097152                                   {product} {ergonomic}
    uintx GCDrainStackTargetSize                   = 64                                        {product} {ergonomic}
   size_t InitialHeapSize                          = 264241152                                 {product} {ergonomic}
   size_t MarkStackSize                            = 4194304                                   {product} {ergonomic}
   size_t MaxHeapSize                              = 4223664128                                {product} {ergonomic}
   size_t MinHeapDeltaBytes                        = 2097152                                   {product} {ergonomic}
   size_t MinHeapSize                              = 8388608                                   {product} {ergonomic}
    uintx NonNMethodCodeHeapSize                   = 5839372                                {pd product} {ergonomic}
    uintx NonProfiledCodeHeapSize                  = 122909434                              {pd product} {ergonomic}
    uintx ProfiledCodeHeapSize                     = 122909434                              {pd product} {ergonomic}
    uintx ReservedCodeCacheSize                    = 251658240                              {pd product} {ergonomic}
     bool SegmentedCodeCache                       = true                                      {product} {ergonomic}
     bool ShowCodeDetailsInExceptionMessages       = true                                   {manageable} {command line}
   size_t SoftMaxHeapSize                          = 4223664128                             {manageable} {ergonomic}
     bool UseCompressedClassPointers               = true                           {product lp64_product} {ergonomic}
     bool UseCompressedOops                        = true                           {product lp64_product} {ergonomic}
     bool UseG1GC                                  = true                                      {product} {ergonomic}
     bool UseLargePagesIndividualAllocation        = false                                  {pd product} {ergonomic}

Logging:
Log output configuration:
 #0: stdout all=warning uptime,level,tags
 #1: stderr all=off uptime,level,tags

Environment Variables:
JAVA_HOME=C:\Users\farhadalirezaei\AppData\Roaming\Code\User\globalStorage\pleiades.java-extension-pack-jdk\java\21
PATH=C:\Users\farhadalirezaei\AppData\Roaming\Code\User\globalStorage\pleiades.java-extension-pack-jdk\gradle\latest\bin;C:\Users\farhadalirezaei\AppData\Roaming\Code\User\globalStorage\pleiades.java-extension-pack-jdk\maven\latest\bin;C:\Users\farhadalirezaei\AppData\Roaming\Code\User\globalStorage\pleiades.java-extension-pack-jdk\java\21\bin;C:\Program Files\Common Files\Oracle\Java\javapath;C:\Program Files (x86)\Common Files\Oracle\Java\java8path;C:\Program Files (x86)\Common Files\Oracle\Java\javapath;C:\Windows\system32;C:\Windows;C:\Windows\System32\Wbem;C:\Windows\System32\WindowsPowerShell\v1.0\;C:\Windows\System32\OpenSSH\;C:\Program Files\dotnet\;C:\Program Files\Microsoft VS Code\bin;C:\Program Files\Git\cmd;C:\Program Files\Java\jdk-22\bin;C:\Program Files\Java\jdk-21\bin;C:\Users\farhadalirezaei\AppData\Local\Microsoft\WindowsApps;C:\Program Files\Microsoft VS Code\bin;C:\msys64\ucrt64\bin;C:\msys64\mingw64\bin;C:\msys64\mingw32\bin;C:\msys64\clang32\bin;C:\msys64\clang64\bin;C:\msys64\clangarm64\bin;C:\msys64\ucrt64;C:\msys64\mingw64;C:\Users\farhadalirezaei\AppData\Local\Programs\Python\Python311\Scripts;C:\Users\farhadalirezaei\AppData\Local\Programs\Python\Python311\;C:\cygwin64\bin;C:\Users\farhadalirezaei\AppData\Local\GitHubDesktop\bin;C:\Program Files\Java\jdk-22\bin;
USERNAME=farhadalirezaei
LANG=en_US.UTF-8
OS=Windows_NT
PROCESSOR_IDENTIFIER=Intel64 Family 6 Model 154 Stepping 4, GenuineIntel
TMP=C:\Users\FARHAD~1\AppData\Local\Temp
TEMP=C:\Users\FARHAD~1\AppData\Local\Temp



Periodic native trim disabled


---------------  S Y S T E M  ---------------

OS:
 Windows 11 , 64 bit Build 22621 (10.0.22621.3527)
OS uptime: 24 days 0:18 hours
Hyper-V role detected

CPU: total 12 (initial active 12) (6 cores per cpu, 2 threads per core) family 6 model 154 stepping 4 microcode 0x424, cx8, cmov, fxsr, ht, mmx, 3dnowpref, sse, sse2, sse3, ssse3, sse4.1, sse4.2, popcnt, lzcnt, tsc, tscinvbit, avx, avx2, aes, erms, clmul, bmi1, bmi2, adx, sha, fma, vzeroupper, clflush, clflushopt, clwb, hv
Processor Information for processor 0
  Max Mhz: 1300, Current Mhz: 1300, Mhz Limit: 1300
Processor Information for processor 1
  Max Mhz: 1300, Current Mhz: 1300, Mhz Limit: 1300
Processor Information for processor 2
  Max Mhz: 1300, Current Mhz: 1300, Mhz Limit: 1300
Processor Information for processor 3
  Max Mhz: 1300, Current Mhz: 1300, Mhz Limit: 1300
Processor Information for processor 4
  Max Mhz: 900, Current Mhz: 900, Mhz Limit: 900
Processor Information for processor 5
  Max Mhz: 900, Current Mhz: 900, Mhz Limit: 900
Processor Information for processor 6
  Max Mhz: 900, Current Mhz: 900, Mhz Limit: 900
Processor Information for processor 7
  Max Mhz: 900, Current Mhz: 900, Mhz Limit: 900
Processor Information for processor 8
  Max Mhz: 900, Current Mhz: 900, Mhz Limit: 900
Processor Information for processor 9
  Max Mhz: 900, Current Mhz: 900, Mhz Limit: 900
Processor Information for processor 10
  Max Mhz: 900, Current Mhz: 900, Mhz Limit: 900
Processor Information for processor 11
  Max Mhz: 900, Current Mhz: 900, Mhz Limit: 900

Memory: 4k page, system-wide physical 16108M (4068M free)
TotalPageFile size 65260M (AvailPageFile size 0M)
current process WorkingSet (physical memory assigned to process): 11M, peak: 11M
current process commit charge ("private bytes"): 326M, peak: 326M

vm_info: OpenJDK 64-Bit Server VM (17.0.11+9) for windows-amd64 JRE (17.0.11+9), built on Apr 17 2024 06:07:48 by "admin" with MS VC++ 16.10 / 16.11 (VS2019)

END.
