#
# There is insufficient memory for the Java Runtime Environment to continue.
# Native memory allocation (mmap) failed to map 264241152 bytes for G1 virtual space
# Possible reasons:
#   The system is out of physical RAM or swap space
#   The process is running with CompressedOops enabled, and the Java Heap may be blocking the growth of the native heap
# Possible solutions:
#   Reduce memory load on the system
#   Increase physical memory or swap space
#   Check if swap backing store is full
#   Decrease Java heap size (-Xmx/-Xms)
#   Decrease number of Java threads
#   Decrease Java thread stack sizes (-Xss)
#   Set larger code cache with -XX:ReservedCodeCacheSize=
#   JVM is running with Zero Based Compressed Oops mode in which the Java heap is
#     placed in the first 32GB address space. The Java Heap base address is the
#     maximum limit for the native heap growth. Please use -XX:HeapBaseMinAddress
#     to set the Java Heap base and to place the Java Heap above 32GB virtual address.
# This output file may be truncated or incomplete.
#
#  Out of Memory Error (os_windows.cpp:3536), pid=32612, tid=29348
#
# JRE version:  (19.0.2+7) (build )
# Java VM: OpenJDK 64-Bit Server VM (19.0.2+7-FR, mixed mode, sharing, tiered, compressed oops, compressed class ptrs, g1 gc, windows-amd64)
# No core dump will be written. Minidumps are not enabled by default on client versions of Windows
#

---------------  S U M M A R Y ------------

Command Line: -Dfile.encoding=windows-1252 -Duser.country=US -Duser.language=en -Duser.variant ir.ac.kntu.Main

Host: 12th Gen Intel(R) Core(TM) i5-1235U, 12 cores, 15G,  Windows 11 , 64 bit Build 22621 (10.0.22621.3527)
Time: Thu Jun 13 23:50:26 2024 Iran Standard Time elapsed time: 0.011320 seconds (0d 0h 0m 0s)

---------------  T H R E A D  ---------------

Current thread (0x0000028c6b36a4e0):  JavaThread "Unknown thread" [_thread_in_vm, id=29348, stack(0x000000a30c000000,0x000000a30c100000)]

Stack: [0x000000a30c000000,0x000000a30c100000]
Native frames: (J=compiled Java code, j=interpreted, Vv=VM code, C=native code)
V  [jvm.dll+0x6d034a]
V  [jvm.dll+0x880f10]
V  [jvm.dll+0x88289e]
V  [jvm.dll+0x882f43]
V  [jvm.dll+0x27b4bb]
V  [jvm.dll+0x6cd13a]
V  [jvm.dll+0x6c1d3a]
V  [jvm.dll+0x351969]
V  [jvm.dll+0x359076]
V  [jvm.dll+0x3ad28a]
V  [jvm.dll+0x3ad4cf]
V  [jvm.dll+0x3261ea]
V  [jvm.dll+0x3270a2]
V  [jvm.dll+0x84d530]
V  [jvm.dll+0x3ba241]
V  [jvm.dll+0x82f013]
V  [jvm.dll+0x43a3c3]
V  [jvm.dll+0x43bdf1]
C  [jli.dll+0x519f]
C  [ucrtbase.dll+0x29333]
C  [KERNEL32.DLL+0x1257d]
C  [ntdll.dll+0x5aa48]


---------------  P R O C E S S  ---------------

Threads class SMR info:
_java_thread_list=0x00007ffdab1cace8, length=0, elements={
}

Java Threads: ( => current thread )

Other Threads:
  0x0000028c6b3dcf50 WorkerThread "GC Thread#0" [stack: 0x000000a30c100000,0x000000a30c200000] [id=13044]
  0x0000028c6b3edc10 ConcurrentGCThread "G1 Main Marker" [stack: 0x000000a30c200000,0x000000a30c300000] [id=9592]
  0x0000028c6b3ee640 WorkerThread "G1 Conc#0" [stack: 0x000000a30c300000,0x000000a30c400000] [id=25240]

[error occurred during error reporting (printing all threads), id 0xc0000005, EXCEPTION_ACCESS_VIOLATION (0xc0000005) at pc=0x00007ffdaa9675f7]

VM state: not at safepoint (not fully initialized)

VM Mutex/Monitor currently owned by a thread:  ([mutex/lock_event])
[0x0000028c6b3672a0] Heap_lock - owner thread: 0x0000028c6b36a4e0

Heap address: 0x0000000704400000, size: 4028 MB, Compressed Oops mode: Zero based, Oop shift amount: 3

CDS archive(s) mapped at: [0x0000000000000000-0x0000000000000000-0x0000000000000000), size 0, SharedBaseAddress: 0x0000000800000000, ArchiveRelocationMode: 0.
Narrow klass base: 0x0000000000000000, Narrow klass shift: 0, Narrow klass range: 0x0

GC Precious Log:
 CardTable entry size: 512
 Card Set container configuration: InlinePtr #cards 4 size 8 Array Of Cards #cards 16 size 48 Howl #buckets 8 coarsen threshold 3686 Howl Bitmap #cards 512 size 80 coarsen threshold 460 Card regions per heap region 1 cards per card region 4096

Heap:
 garbage-first heap   total 0K, used 0K [0x0000000704400000, 0x0000000800000000)
  region size 2048K, 0 young (0K), 0 survivors (0K)

[error occurred during error reporting (printing heap information), id 0xc0000005, EXCEPTION_ACCESS_VIOLATION (0xc0000005) at pc=0x00007ffdaad58059]

GC Heap History (0 events):
No events

Dll operation events (1 events):
Event: 0.005 Loaded shared library C:\Users\farhadalirezaei\.jdks\corretto-19.0.2\bin\java.dll

Deoptimization events (0 events):
No events

Classes loaded (0 events):
No events

Classes unloaded (0 events):
No events

Classes redefined (0 events):
No events

Internal exceptions (0 events):
No events

VM Operations (0 events):
No events

Events (0 events):
No events


Dynamic libraries:
0x00007ff627b30000 - 0x00007ff627b3d000 	C:\Users\farhadalirezaei\.jdks\corretto-19.0.2\bin\java.exe
0x00007ffe0a290000 - 0x00007ffe0a4a7000 	C:\Windows\SYSTEM32\ntdll.dll
0x00007ffe09510000 - 0x00007ffe095d4000 	C:\Windows\System32\KERNEL32.DLL
0x00007ffe07820000 - 0x00007ffe07bc7000 	C:\Windows\System32\KERNELBASE.dll
0x00007ffe076d0000 - 0x00007ffe077e1000 	C:\Windows\System32\ucrtbase.dll
0x00007ffdf2f10000 - 0x00007ffdf2f27000 	C:\Users\farhadalirezaei\.jdks\corretto-19.0.2\bin\jli.dll
0x00007ffe09ff0000 - 0x00007ffe0a19e000 	C:\Windows\System32\USER32.dll
0x00007ffdf2e70000 - 0x00007ffdf2e85000 	C:\Users\farhadalirezaei\.jdks\corretto-19.0.2\bin\VCRUNTIME140.dll
0x00007ffe077f0000 - 0x00007ffe07816000 	C:\Windows\System32\win32u.dll
0x00007ffdd8370000 - 0x00007ffdd8603000 	C:\Windows\WinSxS\amd64_microsoft.windows.common-controls_6595b64144ccf1df_6.0.22621.3527_none_270e469b73872a76\COMCTL32.dll
0x00007ffe09e40000 - 0x00007ffe09ee7000 	C:\Windows\System32\msvcrt.dll
0x00007ffe09970000 - 0x00007ffe09999000 	C:\Windows\System32\GDI32.dll
0x00007ffe075b0000 - 0x00007ffe076c9000 	C:\Windows\System32\gdi32full.dll
0x00007ffe07eb0000 - 0x00007ffe07f4a000 	C:\Windows\System32\msvcp_win.dll
0x00007ffe09bc0000 - 0x00007ffe09bf1000 	C:\Windows\System32\IMM32.DLL
0x00007ffdc3010000 - 0x00007ffdc30ab000 	C:\Users\farhadalirezaei\.jdks\corretto-19.0.2\bin\msvcp140.dll
0x00007ffdaa630000 - 0x00007ffdab309000 	C:\Users\farhadalirezaei\.jdks\corretto-19.0.2\bin\server\jvm.dll
0x00007ffe08770000 - 0x00007ffe08822000 	C:\Windows\System32\ADVAPI32.dll
0x00007ffe09d20000 - 0x00007ffe09dc8000 	C:\Windows\System32\sechost.dll
0x00007ffe07c90000 - 0x00007ffe07cb8000 	C:\Windows\System32\bcrypt.dll
0x00007ffe08330000 - 0x00007ffe08445000 	C:\Windows\System32\RPCRT4.dll
0x00007ffe041e0000 - 0x00007ffe041e9000 	C:\Windows\SYSTEM32\WSOCK32.dll
0x00007ffe082b0000 - 0x00007ffe08321000 	C:\Windows\System32\WS2_32.dll
0x00007ffe01440000 - 0x00007ffe01474000 	C:\Windows\SYSTEM32\WINMM.dll
0x00007ffdeec60000 - 0x00007ffdeec6a000 	C:\Windows\SYSTEM32\VERSION.dll
0x00007ffe06590000 - 0x00007ffe065a8000 	C:\Windows\SYSTEM32\kernel.appcore.dll
0x00007ffdfffd0000 - 0x00007ffdfffda000 	C:\Users\farhadalirezaei\.jdks\corretto-19.0.2\bin\jimage.dll
0x00007ffe04d40000 - 0x00007ffe04f72000 	C:\Windows\SYSTEM32\DBGHELP.DLL
0x00007ffe095e0000 - 0x00007ffe09968000 	C:\Windows\System32\combase.dll
0x00007ffe09f10000 - 0x00007ffe09fe7000 	C:\Windows\System32\OLEAUT32.dll
0x00007ffdeb190000 - 0x00007ffdeb1c2000 	C:\Windows\SYSTEM32\dbgcore.DLL
0x00007ffe07e30000 - 0x00007ffe07ea9000 	C:\Windows\System32\bcryptPrimitives.dll
0x00007ffdf22e0000 - 0x00007ffdf2306000 	C:\Users\farhadalirezaei\.jdks\corretto-19.0.2\bin\java.dll

dbghelp: loaded successfully - version: 4.0.5 - missing functions: none
symbol engine: initialized successfully - sym options: 0x614 - pdb path: .;C:\Users\farhadalirezaei\.jdks\corretto-19.0.2\bin;C:\Windows\SYSTEM32;C:\Windows\WinSxS\amd64_microsoft.windows.common-controls_6595b64144ccf1df_6.0.22621.3527_none_270e469b73872a76;C:\Users\farhadalirezaei\.jdks\corretto-19.0.2\bin\server

VM Arguments:
jvm_args: -Dfile.encoding=windows-1252 -Duser.country=US -Duser.language=en -Duser.variant 
java_command: ir.ac.kntu.Main
java_class_path (initial): C:\Users\farhadalirezaei\OneDrive\Desktop\project3\build\classes\java\main;C:\Users\farhadalirezaei\OneDrive\Desktop\project3\build\resources\main
Launcher Type: SUN_STANDARD

[Global flags]
     intx CICompilerCount                          = 4                                         {product} {ergonomic}
     uint ConcGCThreads                            = 3                                         {product} {ergonomic}
     uint G1ConcRefinementThreads                  = 10                                        {product} {ergonomic}
   size_t G1HeapRegionSize                         = 2097152                                   {product} {ergonomic}
    uintx GCDrainStackTargetSize                   = 64                                        {product} {ergonomic}
   size_t InitialHeapSize                          = 264241152                                 {product} {ergonomic}
   size_t MarkStackSize                            = 4194304                                   {product} {ergonomic}
   size_t MaxHeapSize                              = 4223664128                                {product} {ergonomic}
   size_t MinHeapDeltaBytes                        = 2097152                                   {product} {ergonomic}
   size_t MinHeapSize                              = 8388608                                   {product} {ergonomic}
    uintx NonNMethodCodeHeapSize                   = 5839372                                {pd product} {ergonomic}
    uintx NonProfiledCodeHeapSize                  = 122909434                              {pd product} {ergonomic}
     bool PerfDisableSharedMem                     = true                                      {product} {ergonomic}
    uintx ProfiledCodeHeapSize                     = 122909434                              {pd product} {ergonomic}
    uintx ReservedCodeCacheSize                    = 251658240                              {pd product} {ergonomic}
     bool SegmentedCodeCache                       = true                                      {product} {ergonomic}
   size_t SoftMaxHeapSize                          = 4223664128                             {manageable} {ergonomic}
     bool UseCompressedClassPointers               = true                           {product lp64_product} {ergonomic}
     bool UseCompressedOops                        = true                           {product lp64_product} {ergonomic}
     bool UseG1GC                                  = true                                      {product} {ergonomic}
     bool UseLargePagesIndividualAllocation        = false                                  {pd product} {ergonomic}

Logging:
Log output configuration:
 #0: stdout all=warning uptime,level,tags foldmultilines=false
 #1: stderr all=off uptime,level,tags foldmultilines=false

Environment Variables:
JAVA_HOME=C:\Program Files\Java\jdk-21
PATH=C:\Program Files\Common Files\Oracle\Java\javapath;C:\Program Files (x86)\Common Files\Oracle\Java\java8path;C:\Program Files (x86)\Common Files\Oracle\Java\javapath;C:\Windows\system32;C:\Windows;C:\Windows\System32\Wbem;C:\Windows\System32\WindowsPowerShell\v1.0\;C:\Windows\System32\OpenSSH\;C:\Program Files\dotnet\;C:\Program Files\Microsoft VS Code\bin;C:\Program Files\Git\cmd;C:\Program Files\Java\jdk-22\bin;C:\Program Files\Java\jdk-21\bin;C:\Users\farhadalirezaei\AppData\Local\Microsoft\WindowsApps;C:\Program Files\Microsoft VS Code\bin;C:\msys64\ucrt64\bin;C:\msys64\mingw64\bin;C:\msys64\mingw32\bin;C:\msys64\clang32\bin;C:\msys64\clang64\bin;C:\msys64\clangarm64\bin;C:\msys64\ucrt64;C:\msys64\mingw64;C:\Users\farhadalirezaei\AppData\Local\Programs\Python\Python311\Scripts;C:\Users\farhadalirezaei\AppData\Local\Programs\Python\Python311\;C:\cygwin64\bin;C:\Users\farhadalirezaei\AppData\Local\GitHubDesktop\bin;C:\Program Files\Java\jdk-22\bin;
USERNAME=farhadalirezaei
OS=Windows_NT
PROCESSOR_IDENTIFIER=Intel64 Family 6 Model 154 Stepping 4, GenuineIntel
TMP=C:\Users\FARHAD~1\AppData\Local\Temp
TEMP=C:\Users\FARHAD~1\AppData\Local\Temp



---------------  S Y S T E M  ---------------

OS:
 Windows 11 , 64 bit Build 22621 (10.0.22621.3527)
OS uptime: 25 days 6:45 hours
Hyper-V role detected

CPU: total 12 (initial active 12) (6 cores per cpu, 2 threads per core) family 6 model 154 stepping 4 microcode 0x424, cx8, cmov, fxsr, ht, mmx, 3dnowpref, sse, sse2, sse3, ssse3, sse4.1, sse4.2, popcnt, lzcnt, tsc, tscinvbit, avx, avx2, aes, erms, clmul, bmi1, bmi2, adx, sha, fma, vzeroupper, clflush, clflushopt, clwb, hv, serialize, rdtscp, rdpid, fsrm

Memory: 4k page, system-wide physical 16108M (2275M free)
TotalPageFile size 65260M (AvailPageFile size 199M)
current process WorkingSet (physical memory assigned to process): 11M, peak: 11M
current process commit charge ("private bytes"): 64M, peak: 316M

vm_info: OpenJDK 64-Bit Server VM (19.0.2+7-FR) for windows-amd64 JRE (19.0.2+7-FR), built on Jan 13 2023 22:53:32 by "Administrator" with MS VC++ 15.9 (VS2017)

END.
