#
# There is insufficient memory for the Java Runtime Environment to continue.
# Native memory allocation (mmap) failed to map 65536 bytes for Failed to commit metaspace.
# Possible reasons:
#   The system is out of physical RAM or swap space
#   The process is running with CompressedOops enabled, and the Java Heap may be blocking the growth of the native heap
# Possible solutions:
#   Reduce memory load on the system
#   Increase physical memory or swap space
#   Check if swap backing store is full
#   Decrease Java heap size (-Xmx/-Xms)
#   Decrease number of Java threads
#   Decrease Java thread stack sizes (-Xss)
#   Set larger code cache with -XX:ReservedCodeCacheSize=
#   JVM is running with Unscaled Compressed Oops mode in which the Java heap is
#     placed in the first 4GB address space. The Java Heap base address is the
#     maximum limit for the native heap growth. Please use -XX:HeapBaseMinAddress
#     to set the Java Heap base and to place the Java Heap above 4GB virtual address.
# This output file may be truncated or incomplete.
#
#  Out of Memory Error (virtualSpaceNode.cpp:112), pid=20856, tid=37676
#
# JRE version: Java(TM) SE Runtime Environment (21.0.2+13) (build 21.0.2+13-LTS-58)
# Java VM: Java HotSpot(TM) 64-Bit Server VM (21.0.2+13-LTS-58, mixed mode, tiered, compressed oops, compressed class ptrs, g1 gc, windows-amd64)
# No core dump will be written. Minidumps are not enabled by default on client versions of Windows
#

---------------  S U M M A R Y ------------

Command Line: -Xmx64m -Xms64m -Dorg.gradle.appname=gradlew org.gradle.wrapper.GradleWrapperMain clean test -info

Host: 12th Gen Intel(R) Core(TM) i5-1235U, 12 cores, 15G,  Windows 11 , 64 bit Build 22621 (10.0.22621.3527)
Time: Thu Jun 13 20:19:35 2024 Iran Standard Time elapsed time: 0.125718 seconds (0d 0h 0m 0s)

---------------  T H R E A D  ---------------

Current thread (0x0000016c8d74b3b0):  JavaThread "main"             [_thread_in_vm, id=37676, stack(0x0000006065200000,0x0000006065300000) (1024K)]

Stack: [0x0000006065200000,0x0000006065300000]
Native frames: (J=compiled Java code, j=interpreted, Vv=VM code, C=native code)
V  [jvm.dll+0x6cade9]
V  [jvm.dll+0x8569c1]
V  [jvm.dll+0x858d2e]
V  [jvm.dll+0x859413]
V  [jvm.dll+0x280e56]
V  [jvm.dll+0x8526ee]
V  [jvm.dll+0x66e705]
V  [jvm.dll+0x66e76a]
V  [jvm.dll+0x670f96]
V  [jvm.dll+0x670e62]
V  [jvm.dll+0x66f0de]
V  [jvm.dll+0x3be1bf]
V  [jvm.dll+0x20fbdb]
V  [jvm.dll+0x5ad406]
V  [jvm.dll+0x21f76a]
V  [jvm.dll+0x7cec21]
V  [jvm.dll+0x7cfc85]
V  [jvm.dll+0x7d022f]
V  [jvm.dll+0x7cfed8]
V  [jvm.dll+0x26ed7b]
V  [jvm.dll+0x3d6d0f]
C  0x0000016c9f2aac75

The last pc belongs to instanceof (printed below).
Java frames: (J=compiled Java code, j=interpreted, Vv=VM code)
j  jdk.internal.misc.Blocker.begin()J+11 java.base@21.0.2
j  java.io.WinNTFileSystem.getBooleanAttributes(Ljava/io/File;)I+0 java.base@21.0.2
j  java.io.FileSystem.hasBooleanAttributes(Ljava/io/File;I)Z+2 java.base@21.0.2
j  java.io.File.exists()Z+30 java.base@21.0.2
j  jdk.internal.vm.PostVMInitHook$1.run()Ljava/io/File;+13 java.base@21.0.2
j  jdk.internal.vm.PostVMInitHook$1.run()Ljava/lang/Object;+1 java.base@21.0.2
j  java.security.AccessController.executePrivileged(Ljava/security/PrivilegedAction;Ljava/security/AccessControlContext;Ljava/lang/Class;)Ljava/lang/Object;+29 java.base@21.0.2
j  java.security.AccessController.doPrivileged(Ljava/security/PrivilegedAction;)Ljava/lang/Object;+5 java.base@21.0.2
j  jdk.internal.vm.PostVMInitHook.getConfigFilePrivileged()Ljava/io/File;+109 java.base@21.0.2
j  jdk.internal.vm.PostVMInitHook.trackJavaUsage()V+16 java.base@21.0.2
j  jdk.internal.vm.PostVMInitHook.run()V+0 java.base@21.0.2
v  ~StubRoutines::call_stub 0x0000016c9f29100d
instanceof  193 instanceof  [0x0000016c9f2aac00, 0x0000016c9f2aae30]  560 bytes
[MachCode]
  0x0000016c9f2aac00: 5848 85c0 | 0f84 f501 | 0000 488b | 4de8 488b | 4908 488b | 4908 488b | 5108 410f | b75d 010f 
  0x0000016c9f2aac20: cbc1 eb10 | 807c 1a04 | 070f 84bd | 0000 0050 | e805 0000 | 00e9 9600 | 0000 488d | 4424 084c 
  0x0000016c9f2aac40: 896d c049 | 8bcf c5f8 | 7749 89af | a803 0000 | 4989 8798 | 0300 0048 | 83ec 2040 | f6c4 0f0f 
  0x0000016c9f2aac60: 8419 0000 | 0048 83ec | 0848 b820 | 6c9c aafd | 7f00 00ff | d048 83c4 | 08e9 0c00 | 0000 48b8 
  0x0000016c9f2aac80: 206c 9caa | fd7f 0000 | ffd0 4883 | c420 49c7 | 8798 0300 | 0000 0000 | 0049 c787 | a803 0000 
  0x0000016c9f2aaca0: 0000 0000 | 49c7 87a0 | 0300 0000 | 0000 00c5 | f877 4983 | 7f08 000f | 8405 0000 | 00e9 3e62 
  0x0000016c9f2aacc0: feff 4c8b | 6dc0 4c8b | 75c8 4e8d | 74f5 00c3 | 498b 87f8 | 0300 0049 | c787 f803 | 0000 0000 
  0x0000016c9f2aace0: 0000 5a8b | 5208 48c1 | e203 eb15 | 8b50 0848 | c1e2 0366 | 8b5c d948 | 488b 4928 | 488b 44d9 
  0x0000016c9f2aad00: 0848 8b4d | d848 85c9 | 0f84 8a00 | 0000 488b | 7918 483b | fa0f 850f | 0000 0048 | 8341 2001 
  0x0000016c9f2aad20: 4883 5920 | 00e9 6600 | 0000 4885 | ff0f 8437 | 0000 0048 | 8b79 2848 | 3bfa 0f85 | 0f00 0000 
  0x0000016c9f2aad40: 4883 4130 | 0148 8359 | 3000 e941 | 0000 0048 | 85ff 0f85 | 3800 0000 | 4889 5128 | bf01 0000 
  0x0000016c9f2aad60: 0048 8979 | 30e9 2600 | 0000 483b | 5128 0f85 | 0f00 0000 | 4883 4130 | 0148 8359 | 3000 e90d 
  0x0000016c9f2aad80: 0000 0048 | 8951 18bf | 0100 0000 | 4889 7920 | 4883 c138 | 4889 4dd8 | 483b d00f | 8454 0000 
  0x0000016c9f2aada0: 008b 4814 | 483b 040a | 0f84 4700 | 0000 83f9 | 200f 851d | 0000 0057 | 488b 7a28 | 8b0f 4883 
  0x0000016c9f2aadc0: c708 4885 | c0f2 48af | 5f75 0948 | 8942 20e9 | 2100 0000 | 488b 4dd8 | 4885 c90f | 8410 0000 
  0x0000016c9f2aade0: 0048 8341 | d0ff 0f88 | 0500 0000 | 4883 41d0 | 0133 c0eb | 23b8 0100 | 0000 e919 | 0000 0048 
  0x0000016c9f2aae00: 8b4d d848 | 85c9 0f84 | 0c00 0000 | 8049 0101 | 4883 c138 | 4889 4dd8 | 410f b65d | 0349 83c5 
  0x0000016c9f2aae20: 0349 ba00 | e723 abfd | 7f00 0041 | ff24 da90 
[/MachCode]

---------------  P R O C E S S  ---------------

Threads class SMR info:
_java_thread_list=0x0000016caa329650, length=10, elements={
0x0000016c8d74b3b0, 0x0000016caa05dae0, 0x0000016caa05e610, 0x0000016caa054420,
0x0000016caa054a90, 0x0000016caa049e50, 0x0000016caa04a4c0, 0x0000016caa04de10,
0x0000016caa0508c0, 0x0000016caa354f60
}

Java Threads: ( => current thread )
=>0x0000016c8d74b3b0 JavaThread "main"                              [_thread_in_vm, id=37676, stack(0x0000006065200000,0x0000006065300000) (1024K)]
  0x0000016caa05dae0 JavaThread "Reference Handler"          daemon [_thread_blocked, id=32984, stack(0x0000006065a00000,0x0000006065b00000) (1024K)]
  0x0000016caa05e610 JavaThread "Finalizer"                  daemon [_thread_blocked, id=7696, stack(0x0000006065b00000,0x0000006065c00000) (1024K)]
  0x0000016caa054420 JavaThread "Signal Dispatcher"          daemon [_thread_blocked, id=9984, stack(0x0000006065c00000,0x0000006065d00000) (1024K)]
  0x0000016caa054a90 JavaThread "Attach Listener"            daemon [_thread_blocked, id=33392, stack(0x0000006065d00000,0x0000006065e00000) (1024K)]
  0x0000016caa049e50 JavaThread "Service Thread"             daemon [_thread_blocked, id=30116, stack(0x0000006065e00000,0x0000006065f00000) (1024K)]
  0x0000016caa04a4c0 JavaThread "Monitor Deflation Thread"   daemon [_thread_blocked, id=10056, stack(0x0000006065f00000,0x0000006066000000) (1024K)]
  0x0000016caa04de10 JavaThread "C2 CompilerThread0"         daemon [_thread_blocked, id=20552, stack(0x0000006066000000,0x0000006066100000) (1024K)]
  0x0000016caa0508c0 JavaThread "C1 CompilerThread0"         daemon [_thread_blocked, id=32764, stack(0x0000006066100000,0x0000006066200000) (1024K)]
  0x0000016caa354f60 JavaThread "Notification Thread"        daemon [_thread_blocked, id=23828, stack(0x0000006066200000,0x0000006066300000) (1024K)]
Total: 10

Other Threads:
  0x0000016ca9fdd8b0 VMThread "VM Thread"                           [id=3792, stack(0x0000006065900000,0x0000006065a00000) (1024K)]
  0x0000016ca9f7c3d0 WatcherThread "VM Periodic Task Thread"        [id=29988, stack(0x0000006065800000,0x0000006065900000) (1024K)]
  0x0000016c8f915000 WorkerThread "GC Thread#0"                     [id=11244, stack(0x0000006065300000,0x0000006065400000) (1024K)]
  0x0000016c8f9167e0 ConcurrentGCThread "G1 Main Marker"            [id=37184, stack(0x0000006065400000,0x0000006065500000) (1024K)]
  0x0000016c8f9172e0 WorkerThread "G1 Conc#0"                       [id=36808, stack(0x0000006065500000,0x0000006065600000) (1024K)]
  0x0000016c8f9898d0 ConcurrentGCThread "G1 Refine#0"               [id=18960, stack(0x0000006065600000,0x0000006065700000) (1024K)]
  0x0000016c8f98a440 ConcurrentGCThread "G1 Service"                [id=37652, stack(0x0000006065700000,0x0000006065800000) (1024K)]
Total: 7

Threads with active compile tasks:
Total: 0

VM state: not at safepoint (normal execution)

VM Mutex/Monitor currently owned by a thread:  ([mutex/lock_event])
[0x00007ffdab22ace8] Metaspace_lock - owner thread: 0x0000016c8d74b3b0

Heap address: 0x00000000fc000000, size: 64 MB, Compressed Oops mode: 32-bit

CDS archive(s) not mapped
Compressed class space mapped at: 0x0000000100000000-0x0000000140000000, reserved size: 1073741824
Narrow klass base: 0x0000000000000000, Narrow klass shift: 3, Narrow klass range: 0x140000000

GC Precious Log:
 CardTable entry size: 512
 Card Set container configuration: InlinePtr #cards 5 size 8 Array Of Cards #cards 12 size 40 Howl #buckets 4 coarsen threshold 1843 Howl Bitmap #cards 512 size 80 coarsen threshold 460 Card regions per heap region 1 cards per card region 2048
 CPUs: 12 total, 12 available
 Memory: 16108M
 Large Page Support: Disabled
 NUMA Support: Disabled
 Compressed Oops: Enabled (32-bit)
 Heap Region Size: 1M
 Heap Min Capacity: 64M
 Heap Initial Capacity: 64M
 Heap Max Capacity: 64M
 Pre-touch: Disabled
 Parallel Workers: 10
 Concurrent Workers: 3
 Concurrent Refinement Workers: 10
 Periodic GC: Disabled

Heap:
 garbage-first heap   total 65536K, used 1024K [0x00000000fc000000, 0x0000000100000000)
  region size 1024K, 2 young (2048K), 0 survivors (0K)
 Metaspace       used 4128K, committed 4160K, reserved 1114112K
  class space    used 319K, committed 320K, reserved 1048576K

Heap Regions: E=young(eden), S=young(survivor), O=old, HS=humongous(starts), HC=humongous(continues), CS=collection set, F=free, TAMS=top-at-mark-start, PB=parsable bottom
|   0|0x00000000fc000000, 0x00000000fc000000, 0x00000000fc100000|  0%| F|  |TAMS 0x00000000fc000000| PB 0x00000000fc000000| Untracked 
|   1|0x00000000fc100000, 0x00000000fc100000, 0x00000000fc200000|  0%| F|  |TAMS 0x00000000fc100000| PB 0x00000000fc100000| Untracked 
|   2|0x00000000fc200000, 0x00000000fc200000, 0x00000000fc300000|  0%| F|  |TAMS 0x00000000fc200000| PB 0x00000000fc200000| Untracked 
|   3|0x00000000fc300000, 0x00000000fc300000, 0x00000000fc400000|  0%| F|  |TAMS 0x00000000fc300000| PB 0x00000000fc300000| Untracked 
|   4|0x00000000fc400000, 0x00000000fc400000, 0x00000000fc500000|  0%| F|  |TAMS 0x00000000fc400000| PB 0x00000000fc400000| Untracked 
|   5|0x00000000fc500000, 0x00000000fc500000, 0x00000000fc600000|  0%| F|  |TAMS 0x00000000fc500000| PB 0x00000000fc500000| Untracked 
|   6|0x00000000fc600000, 0x00000000fc600000, 0x00000000fc700000|  0%| F|  |TAMS 0x00000000fc600000| PB 0x00000000fc600000| Untracked 
|   7|0x00000000fc700000, 0x00000000fc700000, 0x00000000fc800000|  0%| F|  |TAMS 0x00000000fc700000| PB 0x00000000fc700000| Untracked 
|   8|0x00000000fc800000, 0x00000000fc800000, 0x00000000fc900000|  0%| F|  |TAMS 0x00000000fc800000| PB 0x00000000fc800000| Untracked 
|   9|0x00000000fc900000, 0x00000000fc900000, 0x00000000fca00000|  0%| F|  |TAMS 0x00000000fc900000| PB 0x00000000fc900000| Untracked 
|  10|0x00000000fca00000, 0x00000000fca00000, 0x00000000fcb00000|  0%| F|  |TAMS 0x00000000fca00000| PB 0x00000000fca00000| Untracked 
|  11|0x00000000fcb00000, 0x00000000fcb00000, 0x00000000fcc00000|  0%| F|  |TAMS 0x00000000fcb00000| PB 0x00000000fcb00000| Untracked 
|  12|0x00000000fcc00000, 0x00000000fcc00000, 0x00000000fcd00000|  0%| F|  |TAMS 0x00000000fcc00000| PB 0x00000000fcc00000| Untracked 
|  13|0x00000000fcd00000, 0x00000000fcd00000, 0x00000000fce00000|  0%| F|  |TAMS 0x00000000fcd00000| PB 0x00000000fcd00000| Untracked 
|  14|0x00000000fce00000, 0x00000000fce00000, 0x00000000fcf00000|  0%| F|  |TAMS 0x00000000fce00000| PB 0x00000000fce00000| Untracked 
|  15|0x00000000fcf00000, 0x00000000fcf00000, 0x00000000fd000000|  0%| F|  |TAMS 0x00000000fcf00000| PB 0x00000000fcf00000| Untracked 
|  16|0x00000000fd000000, 0x00000000fd000000, 0x00000000fd100000|  0%| F|  |TAMS 0x00000000fd000000| PB 0x00000000fd000000| Untracked 
|  17|0x00000000fd100000, 0x00000000fd100000, 0x00000000fd200000|  0%| F|  |TAMS 0x00000000fd100000| PB 0x00000000fd100000| Untracked 
|  18|0x00000000fd200000, 0x00000000fd200000, 0x00000000fd300000|  0%| F|  |TAMS 0x00000000fd200000| PB 0x00000000fd200000| Untracked 
|  19|0x00000000fd300000, 0x00000000fd300000, 0x00000000fd400000|  0%| F|  |TAMS 0x00000000fd300000| PB 0x00000000fd300000| Untracked 
|  20|0x00000000fd400000, 0x00000000fd400000, 0x00000000fd500000|  0%| F|  |TAMS 0x00000000fd400000| PB 0x00000000fd400000| Untracked 
|  21|0x00000000fd500000, 0x00000000fd500000, 0x00000000fd600000|  0%| F|  |TAMS 0x00000000fd500000| PB 0x00000000fd500000| Untracked 
|  22|0x00000000fd600000, 0x00000000fd600000, 0x00000000fd700000|  0%| F|  |TAMS 0x00000000fd600000| PB 0x00000000fd600000| Untracked 
|  23|0x00000000fd700000, 0x00000000fd700000, 0x00000000fd800000|  0%| F|  |TAMS 0x00000000fd700000| PB 0x00000000fd700000| Untracked 
|  24|0x00000000fd800000, 0x00000000fd800000, 0x00000000fd900000|  0%| F|  |TAMS 0x00000000fd800000| PB 0x00000000fd800000| Untracked 
|  25|0x00000000fd900000, 0x00000000fd900000, 0x00000000fda00000|  0%| F|  |TAMS 0x00000000fd900000| PB 0x00000000fd900000| Untracked 
|  26|0x00000000fda00000, 0x00000000fda00000, 0x00000000fdb00000|  0%| F|  |TAMS 0x00000000fda00000| PB 0x00000000fda00000| Untracked 
|  27|0x00000000fdb00000, 0x00000000fdb00000, 0x00000000fdc00000|  0%| F|  |TAMS 0x00000000fdb00000| PB 0x00000000fdb00000| Untracked 
|  28|0x00000000fdc00000, 0x00000000fdc00000, 0x00000000fdd00000|  0%| F|  |TAMS 0x00000000fdc00000| PB 0x00000000fdc00000| Untracked 
|  29|0x00000000fdd00000, 0x00000000fdd00000, 0x00000000fde00000|  0%| F|  |TAMS 0x00000000fdd00000| PB 0x00000000fdd00000| Untracked 
|  30|0x00000000fde00000, 0x00000000fde00000, 0x00000000fdf00000|  0%| F|  |TAMS 0x00000000fde00000| PB 0x00000000fde00000| Untracked 
|  31|0x00000000fdf00000, 0x00000000fdf00000, 0x00000000fe000000|  0%| F|  |TAMS 0x00000000fdf00000| PB 0x00000000fdf00000| Untracked 
|  32|0x00000000fe000000, 0x00000000fe000000, 0x00000000fe100000|  0%| F|  |TAMS 0x00000000fe000000| PB 0x00000000fe000000| Untracked 
|  33|0x00000000fe100000, 0x00000000fe100000, 0x00000000fe200000|  0%| F|  |TAMS 0x00000000fe100000| PB 0x00000000fe100000| Untracked 
|  34|0x00000000fe200000, 0x00000000fe200000, 0x00000000fe300000|  0%| F|  |TAMS 0x00000000fe200000| PB 0x00000000fe200000| Untracked 
|  35|0x00000000fe300000, 0x00000000fe300000, 0x00000000fe400000|  0%| F|  |TAMS 0x00000000fe300000| PB 0x00000000fe300000| Untracked 
|  36|0x00000000fe400000, 0x00000000fe400000, 0x00000000fe500000|  0%| F|  |TAMS 0x00000000fe400000| PB 0x00000000fe400000| Untracked 
|  37|0x00000000fe500000, 0x00000000fe500000, 0x00000000fe600000|  0%| F|  |TAMS 0x00000000fe500000| PB 0x00000000fe500000| Untracked 
|  38|0x00000000fe600000, 0x00000000fe600000, 0x00000000fe700000|  0%| F|  |TAMS 0x00000000fe600000| PB 0x00000000fe600000| Untracked 
|  39|0x00000000fe700000, 0x00000000fe700000, 0x00000000fe800000|  0%| F|  |TAMS 0x00000000fe700000| PB 0x00000000fe700000| Untracked 
|  40|0x00000000fe800000, 0x00000000fe800000, 0x00000000fe900000|  0%| F|  |TAMS 0x00000000fe800000| PB 0x00000000fe800000| Untracked 
|  41|0x00000000fe900000, 0x00000000fe900000, 0x00000000fea00000|  0%| F|  |TAMS 0x00000000fe900000| PB 0x00000000fe900000| Untracked 
|  42|0x00000000fea00000, 0x00000000fea00000, 0x00000000feb00000|  0%| F|  |TAMS 0x00000000fea00000| PB 0x00000000fea00000| Untracked 
|  43|0x00000000feb00000, 0x00000000feb00000, 0x00000000fec00000|  0%| F|  |TAMS 0x00000000feb00000| PB 0x00000000feb00000| Untracked 
|  44|0x00000000fec00000, 0x00000000fec00000, 0x00000000fed00000|  0%| F|  |TAMS 0x00000000fec00000| PB 0x00000000fec00000| Untracked 
|  45|0x00000000fed00000, 0x00000000fed00000, 0x00000000fee00000|  0%| F|  |TAMS 0x00000000fed00000| PB 0x00000000fed00000| Untracked 
|  46|0x00000000fee00000, 0x00000000fee00000, 0x00000000fef00000|  0%| F|  |TAMS 0x00000000fee00000| PB 0x00000000fee00000| Untracked 
|  47|0x00000000fef00000, 0x00000000fef00000, 0x00000000ff000000|  0%| F|  |TAMS 0x00000000fef00000| PB 0x00000000fef00000| Untracked 
|  48|0x00000000ff000000, 0x00000000ff000000, 0x00000000ff100000|  0%| F|  |TAMS 0x00000000ff000000| PB 0x00000000ff000000| Untracked 
|  49|0x00000000ff100000, 0x00000000ff100000, 0x00000000ff200000|  0%| F|  |TAMS 0x00000000ff100000| PB 0x00000000ff100000| Untracked 
|  50|0x00000000ff200000, 0x00000000ff200000, 0x00000000ff300000|  0%| F|  |TAMS 0x00000000ff200000| PB 0x00000000ff200000| Untracked 
|  51|0x00000000ff300000, 0x00000000ff300000, 0x00000000ff400000|  0%| F|  |TAMS 0x00000000ff300000| PB 0x00000000ff300000| Untracked 
|  52|0x00000000ff400000, 0x00000000ff400000, 0x00000000ff500000|  0%| F|  |TAMS 0x00000000ff400000| PB 0x00000000ff400000| Untracked 
|  53|0x00000000ff500000, 0x00000000ff500000, 0x00000000ff600000|  0%| F|  |TAMS 0x00000000ff500000| PB 0x00000000ff500000| Untracked 
|  54|0x00000000ff600000, 0x00000000ff600000, 0x00000000ff700000|  0%| F|  |TAMS 0x00000000ff600000| PB 0x00000000ff600000| Untracked 
|  55|0x00000000ff700000, 0x00000000ff700000, 0x00000000ff800000|  0%| F|  |TAMS 0x00000000ff700000| PB 0x00000000ff700000| Untracked 
|  56|0x00000000ff800000, 0x00000000ff800000, 0x00000000ff900000|  0%| F|  |TAMS 0x00000000ff800000| PB 0x00000000ff800000| Untracked 
|  57|0x00000000ff900000, 0x00000000ff900000, 0x00000000ffa00000|  0%| F|  |TAMS 0x00000000ff900000| PB 0x00000000ff900000| Untracked 
|  58|0x00000000ffa00000, 0x00000000ffa00000, 0x00000000ffb00000|  0%| F|  |TAMS 0x00000000ffa00000| PB 0x00000000ffa00000| Untracked 
|  59|0x00000000ffb00000, 0x00000000ffb00000, 0x00000000ffc00000|  0%| F|  |TAMS 0x00000000ffb00000| PB 0x00000000ffb00000| Untracked 
|  60|0x00000000ffc00000, 0x00000000ffc00000, 0x00000000ffd00000|  0%| F|  |TAMS 0x00000000ffc00000| PB 0x00000000ffc00000| Untracked 
|  61|0x00000000ffd00000, 0x00000000ffd00000, 0x00000000ffe00000|  0%| F|  |TAMS 0x00000000ffd00000| PB 0x00000000ffd00000| Untracked 
|  62|0x00000000ffe00000, 0x00000000ffe76448, 0x00000000fff00000| 46%| E|  |TAMS 0x00000000ffe00000| PB 0x00000000ffe00000| Complete 
|  63|0x00000000fff00000, 0x0000000100000000, 0x0000000100000000|100%| E|CS|TAMS 0x00000000fff00000| PB 0x00000000fff00000| Complete 

Card table byte_map: [0x0000016c8d8a0000,0x0000016c8d8c0000] _byte_map_base: 0x0000016c8d0c0000

Marking Bits: (CMBitMap*) 0x0000016c8f915700
 Bits: [0x0000016ca72c0000, 0x0000016ca73c0000)

Polling page: 0x0000016c8d850000

Metaspace:

Usage:
  Non-class:      3.72 MB used.
      Class:    319.31 KB used.
       Both:      4.03 MB used.

Virtual space:
  Non-class space:       64.00 MB reserved,       3.75 MB (  6%) committed,  1 nodes.
      Class space:        1.00 GB reserved,     320.00 KB ( <1%) committed,  1 nodes.
             Both:        1.06 GB reserved,       4.06 MB ( <1%) committed. 

Chunk freelists:
   Non-Class:  12.00 MB
       Class:  15.62 MB
        Both:  27.62 MB

MaxMetaspaceSize: unlimited
CompressedClassSpaceSize: 1.00 GB
Initial GC threshold: 21.00 MB
Current GC threshold: 21.00 MB
CDS: off
 - commit_granule_bytes: 65536.
 - commit_granule_words: 8192.
 - virtual_space_node_default_size: 8388608.
 - enlarge_chunks_in_place: 1.
 - use_allocation_guard: 0.


Internal statistics:

num_allocs_failed_limit: 0.
num_arena_births: 2.
num_arena_deaths: 0.
num_vsnodes_births: 2.
num_vsnodes_deaths: 0.
num_space_committed: 65.
num_space_uncommitted: 0.
num_chunks_returned_to_freelist: 0.
num_chunks_taken_from_freelist: 4.
num_chunk_merges: 0.
num_chunk_splits: 2.
num_chunks_enlarged: 0.
num_inconsistent_stats: 0.

CodeHeap 'non-profiled nmethods': size=120000Kb used=13Kb max_used=13Kb free=119986Kb
 bounds [0x0000016c9f830000, 0x0000016c9faa0000, 0x0000016ca6d60000]
CodeHeap 'profiled nmethods': size=120000Kb used=85Kb max_used=85Kb free=119914Kb
 bounds [0x0000016c97d60000, 0x0000016c97fd0000, 0x0000016c9f290000]
CodeHeap 'non-nmethods': size=5760Kb used=1164Kb max_used=1176Kb free=4595Kb
 bounds [0x0000016c9f290000, 0x0000016c9f500000, 0x0000016c9f830000]
 total_blobs=366 nmethods=66 adapters=205
 compilation: enabled
              stopped_count=0, restarted_count=0
 full_count=0

Compilation events (20 events):
Event: 0.116 Thread 0x0000016caa0508c0   57       1       java.lang.module.ResolvedModule::configuration (5 bytes)
Event: 0.116 Thread 0x0000016caa0508c0 nmethod 57 0x0000016c9f832d10 code [0x0000016c9f832ea0, 0x0000016c9f832f68]
Event: 0.116 Thread 0x0000016caa0508c0   60       3       java.util.HashMap::getNode (150 bytes)
Event: 0.116 Thread 0x0000016caa0508c0 nmethod 60 0x0000016c97d72b90 code [0x0000016c97d72de0, 0x0000016c97d73930]
Event: 0.116 Thread 0x0000016caa0508c0   62       3       java.util.HashMap::get (19 bytes)
Event: 0.116 Thread 0x0000016caa0508c0 nmethod 62 0x0000016c97d73c10 code [0x0000016c97d73dc0, 0x0000016c97d73f78]
Event: 0.116 Thread 0x0000016caa0508c0   61       3       java.util.ImmutableCollections$SetN$SetNIterator::<init> (36 bytes)
Event: 0.116 Thread 0x0000016caa0508c0 nmethod 61 0x0000016c97d74090 code [0x0000016c97d74240, 0x0000016c97d74440]
Event: 0.116 Thread 0x0000016caa0508c0   58       3       java.util.HashMap::<init> (11 bytes)
Event: 0.116 Thread 0x0000016caa0508c0 nmethod 58 0x0000016c97d74510 code [0x0000016c97d746c0, 0x0000016c97d74890]
Event: 0.116 Thread 0x0000016caa0508c0   59       1       java.lang.module.ModuleDescriptor$Exports::targets (5 bytes)
Event: 0.116 Thread 0x0000016caa0508c0 nmethod 59 0x0000016c9f833010 code [0x0000016c9f8331a0, 0x0000016c9f833268]
Event: 0.119 Thread 0x0000016caa0508c0   63       1       java.util.ImmutableCollections$Set12::isEmpty (2 bytes)
Event: 0.119 Thread 0x0000016caa0508c0 nmethod 63 0x0000016c9f833310 code [0x0000016c9f8334a0, 0x0000016c9f833568]
Event: 0.119 Thread 0x0000016caa0508c0   64       3       java.util.ImmutableCollections$Set12$1::next (95 bytes)
Event: 0.119 Thread 0x0000016caa0508c0 nmethod 64 0x0000016c97d74990 code [0x0000016c97d74b60, 0x0000016c97d74df0]
Event: 0.121 Thread 0x0000016caa0508c0   65       3       java.lang.AbstractStringBuilder::ensureCapacityInternal (39 bytes)
Event: 0.121 Thread 0x0000016caa0508c0 nmethod 65 0x0000016c97d74f10 code [0x0000016c97d750e0, 0x0000016c97d75310]
Event: 0.121 Thread 0x0000016caa0508c0   66       3       java.lang.Math::min (11 bytes)
Event: 0.121 Thread 0x0000016caa0508c0 nmethod 66 0x0000016c97d75410 code [0x0000016c97d755a0, 0x0000016c97d756e0]

GC Heap History (0 events):
No events

Dll operation events (2 events):
Event: 0.006 Loaded shared library C:\Program Files\Java\jdk-21\bin\java.dll
Event: 0.046 Loaded shared library C:\Program Files\Java\jdk-21\bin\jsvml.dll

Deoptimization events (0 events):
No events

Classes loaded (20 events):
Event: 0.118 Loading class java/util/concurrent/CopyOnWriteArrayList done
Event: 0.119 Loading class java/util/HashMap$KeySet
Event: 0.119 Loading class java/util/HashMap$KeySet done
Event: 0.119 Loading class java/util/HashMap$KeyIterator
Event: 0.119 Loading class java/util/HashMap$KeyIterator done
Event: 0.119 Loading class java/lang/ModuleLayer$Controller
Event: 0.119 Loading class java/lang/ModuleLayer$Controller done
Event: 0.120 Loading class java/lang/invoke/StringConcatFactory
Event: 0.120 Loading class java/lang/invoke/StringConcatFactory done
Event: 0.120 Loading class jdk/internal/vm/PostVMInitHook
Event: 0.121 Loading class jdk/internal/vm/PostVMInitHook done
Event: 0.121 Loading class jdk/internal/vm/PostVMInitHook$2
Event: 0.121 Loading class jdk/internal/vm/PostVMInitHook$2 done
Event: 0.121 Loading class jdk/internal/util/EnvUtils
Event: 0.121 Loading class jdk/internal/util/EnvUtils done
Event: 0.121 Loading class jdk/internal/vm/PostVMInitHook$1
Event: 0.121 Loading class jdk/internal/vm/PostVMInitHook$1 done
Event: 0.121 Loading class jdk/internal/misc/CarrierThread
Event: 0.122 Loading class java/util/concurrent/ForkJoinWorkerThread
Event: 0.123 Loading class java/util/concurrent/ForkJoinWorkerThread done

Classes unloaded (0 events):
No events

Classes redefined (0 events):
No events

Internal exceptions (0 events):
No events

ZGC Phase Switch (0 events):
No events

VM Operations (0 events):
No events

Events (10 events):
Event: 0.013 Thread 0x0000016c8d74b3b0 Thread added: 0x0000016c8d74b3b0
Event: 0.043 Thread 0x0000016caa05dae0 Thread added: 0x0000016caa05dae0
Event: 0.043 Thread 0x0000016caa05e610 Thread added: 0x0000016caa05e610
Event: 0.044 Thread 0x0000016caa054420 Thread added: 0x0000016caa054420
Event: 0.044 Thread 0x0000016caa054a90 Thread added: 0x0000016caa054a90
Event: 0.044 Thread 0x0000016caa049e50 Thread added: 0x0000016caa049e50
Event: 0.044 Thread 0x0000016caa04a4c0 Thread added: 0x0000016caa04a4c0
Event: 0.044 Thread 0x0000016caa04de10 Thread added: 0x0000016caa04de10
Event: 0.044 Thread 0x0000016caa0508c0 Thread added: 0x0000016caa0508c0
Event: 0.120 Thread 0x0000016caa354f60 Thread added: 0x0000016caa354f60


Dynamic libraries:
0x00007ff603b20000 - 0x00007ff603b30000 	C:\Program Files\Java\jdk-21\bin\java.exe
0x00007ffe0a290000 - 0x00007ffe0a4a7000 	C:\Windows\SYSTEM32\ntdll.dll
0x00007ffe09510000 - 0x00007ffe095d4000 	C:\Windows\System32\KERNEL32.DLL
0x00007ffe07820000 - 0x00007ffe07bc7000 	C:\Windows\System32\KERNELBASE.dll
0x00007ffe076d0000 - 0x00007ffe077e1000 	C:\Windows\System32\ucrtbase.dll
0x00007ffdefb10000 - 0x00007ffdefb2b000 	C:\Program Files\Java\jdk-21\bin\VCRUNTIME140.dll
0x00007ffdf0da0000 - 0x00007ffdf0db9000 	C:\Program Files\Java\jdk-21\bin\jli.dll
0x00007ffe08770000 - 0x00007ffe08822000 	C:\Windows\System32\ADVAPI32.dll
0x00007ffe09e40000 - 0x00007ffe09ee7000 	C:\Windows\System32\msvcrt.dll
0x00007ffe09d20000 - 0x00007ffe09dc8000 	C:\Windows\System32\sechost.dll
0x00007ffe07c90000 - 0x00007ffe07cb8000 	C:\Windows\System32\bcrypt.dll
0x00007ffe08330000 - 0x00007ffe08445000 	C:\Windows\System32\RPCRT4.dll
0x00007ffe09ff0000 - 0x00007ffe0a19e000 	C:\Windows\System32\USER32.dll
0x00007ffe077f0000 - 0x00007ffe07816000 	C:\Windows\System32\win32u.dll
0x00007ffdd8370000 - 0x00007ffdd8603000 	C:\Windows\WinSxS\amd64_microsoft.windows.common-controls_6595b64144ccf1df_6.0.22621.3527_none_270e469b73872a76\COMCTL32.dll
0x00007ffe09970000 - 0x00007ffe09999000 	C:\Windows\System32\GDI32.dll
0x00007ffe075b0000 - 0x00007ffe076c9000 	C:\Windows\System32\gdi32full.dll
0x00007ffe07eb0000 - 0x00007ffe07f4a000 	C:\Windows\System32\msvcp_win.dll
0x00007ffdeec60000 - 0x00007ffdeec6a000 	C:\Windows\SYSTEM32\VERSION.dll
0x00007ffe09bc0000 - 0x00007ffe09bf1000 	C:\Windows\System32\IMM32.DLL
0x00007ffdf2ed0000 - 0x00007ffdf2edc000 	C:\Program Files\Java\jdk-21\bin\vcruntime140_1.dll
0x00007ffdce9d0000 - 0x00007ffdcea5e000 	C:\Program Files\Java\jdk-21\bin\msvcp140.dll
0x00007ffdaa5f0000 - 0x00007ffdab307000 	C:\Program Files\Java\jdk-21\bin\server\jvm.dll
0x00007ffe082b0000 - 0x00007ffe08321000 	C:\Windows\System32\WS2_32.dll
0x00007ffe07470000 - 0x00007ffe074bd000 	C:\Windows\SYSTEM32\POWRPROF.dll
0x00007ffe01440000 - 0x00007ffe01474000 	C:\Windows\SYSTEM32\WINMM.dll
0x00007ffe07450000 - 0x00007ffe07463000 	C:\Windows\SYSTEM32\UMPDC.dll
0x00007ffe06590000 - 0x00007ffe065a8000 	C:\Windows\SYSTEM32\kernel.appcore.dll
0x00007ffdf0670000 - 0x00007ffdf067a000 	C:\Program Files\Java\jdk-21\bin\jimage.dll
0x00007ffe04d40000 - 0x00007ffe04f72000 	C:\Windows\SYSTEM32\DBGHELP.DLL
0x00007ffe095e0000 - 0x00007ffe09968000 	C:\Windows\System32\combase.dll
0x00007ffe09f10000 - 0x00007ffe09fe7000 	C:\Windows\System32\OLEAUT32.dll
0x00007ffdeb190000 - 0x00007ffdeb1c2000 	C:\Windows\SYSTEM32\dbgcore.DLL
0x00007ffe07e30000 - 0x00007ffe07ea9000 	C:\Windows\System32\bcryptPrimitives.dll
0x00007ffdef8e0000 - 0x00007ffdef8ff000 	C:\Program Files\Java\jdk-21\bin\java.dll
0x00007ffe08830000 - 0x00007ffe0908c000 	C:\Windows\System32\SHELL32.dll
0x00007ffe054a0000 - 0x00007ffe05d96000 	C:\Windows\SYSTEM32\windows.storage.dll
0x00007ffe05360000 - 0x00007ffe0549e000 	C:\Windows\SYSTEM32\wintypes.dll
0x00007ffe07fc0000 - 0x00007ffe080b5000 	C:\Windows\System32\SHCORE.dll
0x00007ffe099a0000 - 0x00007ffe099fe000 	C:\Windows\System32\shlwapi.dll
0x00007ffe074e0000 - 0x00007ffe07501000 	C:\Windows\SYSTEM32\profapi.dll
0x00007ffdc6a10000 - 0x00007ffdc6ae7000 	C:\Program Files\Java\jdk-21\bin\jsvml.dll

dbghelp: loaded successfully - version: 4.0.5 - missing functions: none
symbol engine: initialized successfully - sym options: 0x614 - pdb path: .;C:\Program Files\Java\jdk-21\bin;C:\Windows\SYSTEM32;C:\Windows\WinSxS\amd64_microsoft.windows.common-controls_6595b64144ccf1df_6.0.22621.3527_none_270e469b73872a76;C:\Program Files\Java\jdk-21\bin\server

VM Arguments:
jvm_args: -Xmx64m -Xms64m -Dorg.gradle.appname=gradlew 
java_command: org.gradle.wrapper.GradleWrapperMain clean test -info
java_class_path (initial): C:\Users\farhadalirezaei\OneDrive\Desktop\project3\\gradle\wrapper\gradle-wrapper.jar
Launcher Type: SUN_STANDARD

[Global flags]
     intx CICompilerCount                          = 4                                         {product} {ergonomic}
     uint ConcGCThreads                            = 3                                         {product} {ergonomic}
     uint G1ConcRefinementThreads                  = 10                                        {product} {ergonomic}
   size_t G1HeapRegionSize                         = 1048576                                   {product} {ergonomic}
    uintx GCDrainStackTargetSize                   = 64                                        {product} {ergonomic}
   size_t InitialHeapSize                          = 67108864                                  {product} {command line}
   size_t MarkStackSize                            = 4194304                                   {product} {ergonomic}
   size_t MaxHeapSize                              = 67108864                                  {product} {command line}
   size_t MaxNewSize                               = 39845888                                  {product} {ergonomic}
   size_t MinHeapDeltaBytes                        = 1048576                                   {product} {ergonomic}
   size_t MinHeapSize                              = 67108864                                  {product} {command line}
    uintx NonNMethodCodeHeapSize                   = 5839372                                {pd product} {ergonomic}
    uintx NonProfiledCodeHeapSize                  = 122909434                              {pd product} {ergonomic}
     bool PerfDisableSharedMem                     = true                                      {product} {ergonomic}
    uintx ProfiledCodeHeapSize                     = 122909434                              {pd product} {ergonomic}
    uintx ReservedCodeCacheSize                    = 251658240                              {pd product} {ergonomic}
     bool SegmentedCodeCache                       = true                                      {product} {ergonomic}
   size_t SoftMaxHeapSize                          = 67108864                               {manageable} {ergonomic}
     bool UseCompressedOops                        = true                           {product lp64_product} {ergonomic}
     bool UseG1GC                                  = true                                      {product} {ergonomic}
     bool UseLargePagesIndividualAllocation        = false                                  {pd product} {ergonomic}

Logging:
Log output configuration:
 #0: stdout all=warning uptime,level,tags foldmultilines=false
 #1: stderr all=off uptime,level,tags foldmultilines=false

Environment Variables:
JAVA_HOME=C:\Program Files\Java\jdk-21
CLASSPATH=C:\Users\farhadalirezaei\OneDrive\Desktop\project3\\gradle\wrapper\gradle-wrapper.jar
PATH=C:\Program Files\Common Files\Oracle\Java\javapath;C:\Program Files (x86)\Common Files\Oracle\Java\java8path;C:\Program Files (x86)\Common Files\Oracle\Java\javapath;C:\Windows\system32;C:\Windows;C:\Windows\System32\Wbem;C:\Windows\System32\WindowsPowerShell\v1.0\;C:\Windows\System32\OpenSSH\;C:\Program Files\dotnet\;C:\Program Files\Microsoft VS Code\bin;C:\Program Files\Git\cmd;C:\Program Files\Java\jdk-22\bin;C:\Program Files\Java\jdk-21\bin;C:\Users\farhadalirezaei\AppData\Local\Microsoft\WindowsApps;C:\Program Files\Microsoft VS Code\bin;C:\msys64\ucrt64\bin;C:\msys64\mingw64\bin;C:\msys64\mingw32\bin;C:\msys64\clang32\bin;C:\msys64\clang64\bin;C:\msys64\clangarm64\bin;C:\msys64\ucrt64;C:\msys64\mingw64;C:\Users\farhadalirezaei\AppData\Local\Programs\Python\Python311\Scripts;C:\Users\farhadalirezaei\AppData\Local\Programs\Python\Python311\;C:\cygwin64\bin;C:\Users\farhadalirezaei\AppData\Local\GitHubDesktop\bin;C:\Program Files\Java\jdk-22\bin;
USERNAME=farhadalirezaei
OS=Windows_NT
PROCESSOR_IDENTIFIER=Intel64 Family 6 Model 154 Stepping 4, GenuineIntel
TMP=C:\Users\FARHAD~1\AppData\Local\Temp
TEMP=C:\Users\FARHAD~1\AppData\Local\Temp




Periodic native trim disabled

---------------  S Y S T E M  ---------------

OS:
 Windows 11 , 64 bit Build 22621 (10.0.22621.3527)
OS uptime: 25 days 3:14 hours
Hyper-V role detected

CPU: total 12 (initial active 12) (6 cores per cpu, 2 threads per core) family 6 model 154 stepping 4 microcode 0x424, cx8, cmov, fxsr, ht, mmx, 3dnowpref, sse, sse2, sse3, ssse3, sse4.1, sse4.2, popcnt, lzcnt, tsc, tscinvbit, avx, avx2, aes, erms, clmul, bmi1, bmi2, adx, sha, fma, vzeroupper, clflush, clflushopt, clwb, hv, serialize, rdtscp, rdpid, fsrm, f16c, cet_ibt, cet_ss
Processor Information for processor 0
  Max Mhz: 1300, Current Mhz: 1300, Mhz Limit: 1300
Processor Information for processor 1
  Max Mhz: 1300, Current Mhz: 1300, Mhz Limit: 1300
Processor Information for processor 2
  Max Mhz: 1300, Current Mhz: 1300, Mhz Limit: 1300
Processor Information for processor 3
  Max Mhz: 1300, Current Mhz: 1300, Mhz Limit: 1300
Processor Information for processor 4
  Max Mhz: 900, Current Mhz: 900, Mhz Limit: 900
Processor Information for processor 5
  Max Mhz: 900, Current Mhz: 900, Mhz Limit: 900
Processor Information for processor 6
  Max Mhz: 900, Current Mhz: 900, Mhz Limit: 900
Processor Information for processor 7
  Max Mhz: 900, Current Mhz: 900, Mhz Limit: 900
Processor Information for processor 8
  Max Mhz: 900, Current Mhz: 900, Mhz Limit: 900
Processor Information for processor 9
  Max Mhz: 900, Current Mhz: 900, Mhz Limit: 900
Processor Information for processor 10
  Max Mhz: 900, Current Mhz: 900, Mhz Limit: 900
Processor Information for processor 11
  Max Mhz: 900, Current Mhz: 900, Mhz Limit: 900

Memory: 4k page, system-wide physical 16108M (2443M free)
TotalPageFile size 65260M (AvailPageFile size 3M)
current process WorkingSet (physical memory assigned to process): 27M, peak: 27M
current process commit charge ("private bytes"): 138M, peak: 142M

vm_info: Java HotSpot(TM) 64-Bit Server VM (21.0.2+13-LTS-58) for windows-amd64 JRE (21.0.2+13-LTS-58), built on 2024-01-05T18:32:24Z by "mach5one" with MS VC++ 17.1 (VS2022)

END.
