#
# A fatal error has been detected by the Java Runtime Environment:
#
#  EXCEPTION_ACCESS_VIOLATION (0xc0000005) at pc=0x00007ffd76252fee, pid=15216, tid=23348
#
# JRE version: OpenJDK Runtime Environment Temurin-21.0.3+9 (21.0.3+9) (build 21.0.3+9-LTS)
# Java VM: OpenJDK 64-Bit Server VM Temurin-21.0.3+9 (21.0.3+9-LTS, mixed mode, sharing, tiered, compressed oops, compressed class ptrs, parallel gc, windows-amd64)
# Problematic frame:
# V  [jvm.dll+0x6f2fee]
#
# No core dump will be written. Minidumps are not enabled by default on client versions of Windows
#
# If you would like to submit a bug report, please visit:
#   https://github.com/adoptium/adoptium-support/issues
#

---------------  S U M M A R Y ------------

Command Line: --add-modules=ALL-SYSTEM --add-opens=java.base/java.util=ALL-UNNAMED --add-opens=java.base/java.lang=ALL-UNNAMED --add-opens=java.base/sun.nio.fs=ALL-UNNAMED -Declipse.application=org.eclipse.jdt.ls.core.id1 -Dosgi.bundles.defaultStartLevel=4 -Declipse.product=org.eclipse.jdt.ls.core.product -Djava.import.generatesMetadataFilesAtProjectRoot=false -DDetectVMInstallationsJob.disabled=true -Dfile.encoding=utf8 -XX:+UseParallelGC -XX:GCTimeRatio=4 -XX:AdaptiveSizePolicyWeight=90 -Dsun.zip.disableMemoryMapping=true -Xmx1G -Xms100m -Xlog:disable -javaagent:c:\Users\farhadalirezaei\.vscode\extensions\redhat.java-1.30.0\lombok\lombok-1.18.32.jar -XX:+HeapDumpOnOutOfMemoryError -XX:HeapDumpPath=c:\Users\farhadalirezaei\AppData\Roaming\Code\User\workspaceStorage\bd6c181263f00520c165137bc50203a8\redhat.java -Daether.dependencyCollector.impl=bf c:\Users\farhadalirezaei\.vscode\extensions\redhat.java-1.30.0\server\plugins\org.eclipse.equinox.launcher_1.6.800.v20240330-1250.jar -configuration c:\Users\farhadalirezaei\AppData\Roaming\Code\User\globalStorage\redhat.java\1.30.0\config_win -data c:\Users\farhadalirezaei\AppData\Roaming\Code\User\workspaceStorage\bd6c181263f00520c165137bc50203a8\redhat.java\jdt_ws --pipe=\\.\pipe\lsp-63a662f777614a8ed3da6979eaeb04a1-sock

Host: 12th Gen Intel(R) Core(TM) i5-1235U, 12 cores, 15G,  Windows 11 , 64 bit Build 22621 (10.0.22621.3527)
Time: Tue May 21 19:19:31 2024 Iran Standard Time elapsed time: 5031.833437 seconds (0d 1h 23m 51s)

---------------  T H R E A D  ---------------

Current thread (0x000002229c9e0100):  JavaThread "C2 CompilerThread0" daemon [_thread_in_native, id=23348, stack(0x0000002f09200000,0x0000002f09300000) (1024K)]


Current CompileTask:
C2:5031833 37203       4       org.eclipse.jdt.internal.compiler.ast.IfStatement::analyseCode (680 bytes)

Stack: [0x0000002f09200000,0x0000002f09300000],  sp=0x0000002f092fcae0,  free space=1010k
Native frames: (J=compiled Java code, j=interpreted, Vv=VM code, C=native code)
V  [jvm.dll+0x6f2fee]
V  [jvm.dll+0x6f4824]
V  [jvm.dll+0x1df966]
V  [jvm.dll+0x246b12]
V  [jvm.dll+0x245f9f]
V  [jvm.dll+0x1c6f4e]
V  [jvm.dll+0x255719]
V  [jvm.dll+0x253cba]
V  [jvm.dll+0x3ec1e6]
V  [jvm.dll+0x84bf8b]
V  [jvm.dll+0x6c6dcd]
C  [ucrtbase.dll+0x29333]
C  [KERNEL32.DLL+0x1257d]
C  [ntdll.dll+0x5aa48]


siginfo: EXCEPTION_ACCESS_VIOLATION (0xc0000005), reading address 0x00000221b39d3c40


Registers:
RAX=0x00000222806a0910, RBX=0x00007ffd75bd4380, RCX=0xffffffffcccccccc, RDX=0x0000000000000000
RSP=0x0000002f092fcae0, RBP=0x00000222849ba230, RSI=0x00000222849bb660, RDI=0x00000222f9775eb0
R8 =0x0000000000000000, R9 =0x00000222fe7fa480, R10=0x00000222f9775be8, R11=0x000000000000000e
R12=0x0000000000000000, R13=0x0000000000000070, R14=0x00000222f9775ab8, R15=0x0000002f092fd1f0
RIP=0x00007ffd76252fee, EFLAGS=0x0000000000010202


Register to memory mapping:

RAX=0x00000222806a0910 points into unknown readable memory: 0x0000000000000000 | 00 00 00 00 00 00 00 00
RBX=0x00007ffd75bd4380 jvm.dll
RCX=0xffffffffcccccccc is an unknown value
RDX=0x0 is null
RSP=0x0000002f092fcae0 is pointing into the stack for thread: 0x000002229c9e0100
RBP=0x00000222849ba230 points into unknown readable memory: 0x00000222f71f0f10 | 10 0f 1f f7 22 02 00 00
RSI=0x00000222849bb660 points into unknown readable memory: 0x00000222f71f0f10 | 10 0f 1f f7 22 02 00 00
RDI=0x00000222f9775eb0 points into unknown readable memory: 0x00000222f9777718 | 18 77 77 f9 22 02 00 00
R8 =0x0 is null
R9 =0x00000222fe7fa480 points into unknown readable memory: 0x00007ffd76540868 | 68 08 54 76 fd 7f 00 00
R10=0x00000222f9775be8 points into unknown readable memory: 0x00000222fe7fa410 | 10 a4 7f fe 22 02 00 00
R11=0x000000000000000e is an unknown value
R12=0x0 is null
R13=0x0000000000000070 is an unknown value
R14=0x00000222f9775ab8 points into unknown readable memory: 0x00007ffd764faa90 | 90 aa 4f 76 fd 7f 00 00
R15=0x0000002f092fd1f0 is pointing into the stack for thread: 0x000002229c9e0100

Top of Stack: (sp=0x0000002f092fcae0)
0x0000002f092fcae0:   00000222f9775ab8 0000000000000002
0x0000002f092fcaf0:   00000222849bb660 0000002f092fd1f0
0x0000002f092fcb00:   00000222fe7fa480 00000222849bb660
0x0000002f092fcb10:   00000222849ba230 00000222849ba230
0x0000002f092fcb20:   0000000000000070 0000000000000000
0x0000002f092fcb30:   00000222849bb660 00000222f9775ab8
0x0000002f092fcb40:   00000222849bb660 00000222849ba230
0x0000002f092fcb50:   00000222fe7fa480 0000000000000000
0x0000002f092fcb60:   0000002f092fd1f0 0000002f092fcc80
0x0000002f092fcb70:   000000000000000e 00007ffd76254824
0x0000002f092fcb80:   0000000000000000 00000222f9775ab8
0x0000002f092fcb90:   000002220000000e 00000222fe7fa480
0x0000002f092fcba0:   00000222849bb660 00000222849ba230
0x0000002f092fcbb0:   0000000000000201 00000000ffffffff
0x0000002f092fcbc0:   00000222fe7fa480 00000222849ba230
0x0000002f092fcbd0:   00000222f9775ab8 00000222849ba240
0x0000002f092fcbe0:   00000000000009c0 00007ffd0000019a
0x0000002f092fcbf0:   00000222f8a0d228 000002229c9e0cc0
0x0000002f092fcc00:   00000222f8a0bdb0 0000022295509900
0x0000002f092fcc10:   00000000000009cb 0000004000000000
0x0000002f092fcc20:   0000022295509900 0000000000000000
0x0000002f092fcc30:   000002229c9e0c70 000000000006bb90
0x0000002f092fcc40:   00000222f71f0f10 00000222f8a076c0
0x0000002f092fcc50:   00000222f8a0bdb0 00000222f8a0f6a8
0x0000002f092fcc60:   00000000000f8618 000002228291fb40
0x0000002f092fcc70:   0000000000000000 0000000000000002
0x0000002f092fcc80:   000000000000752f 00007ffd75d40033
0x0000002f092fcc90:   000000000000752f 000002228197a900
0x0000002f092fcca0:   000002228197a938 00007ffd76554fe0
0x0000002f092fccb0:   0000000000000000 0000000200000854
0x0000002f092fccc0:   0000000900000009 00000222822a6f80
0x0000002f092fccd0:   0000022282910000 0000000000000000 

Instructions: (pc=0x00007ffd76252fee)
0x00007ffd76252eee:   96 bf 38 00 48 8b cf e8 26 77 fd ff 48 8b 4b 10
0x00007ffd76252efe:   48 8b d7 e8 aa e7 b2 ff 48 8d 4b 18 48 8b d7 e8
0x00007ffd76252f0e:   ee fd ff ff 48 8b 5b 48 ff cd 48 85 db 75 b3 48
0x00007ffd76252f1e:   83 c6 08 85 ed 7f 9d 48 8b 5c 24 30 48 8b 6c 24
0x00007ffd76252f2e:   38 48 8b 74 24 40 48 8b 7c 24 48 48 83 c4 20 41
0x00007ffd76252f3e:   5e c3 4c 89 4c 24 20 44 89 44 24 18 48 89 54 24
0x00007ffd76252f4e:   10 53 55 56 57 41 54 41 55 41 56 41 57 48 83 ec
0x00007ffd76252f5e:   58 4c 8b 52 08 4c 8b f9 48 8b b4 24 c0 00 00 00
0x00007ffd76252f6e:   4c 8b f2 45 8b d8 45 33 e4 4e 8d 2c dd 00 00 00
0x00007ffd76252f7e:   00 4b 8b 3c 2a 49 8b 87 08 01 00 00 4c 89 6c 24
0x00007ffd76252f8e:   40 48 63 4f 28 8b 0c 88 49 8b 47 70 48 69 d1 b0
0x00007ffd76252f9e:   00 00 00 48 8b 48 20 8b 47 30 44 8b 44 0a 30 44
0x00007ffd76252fae:   89 84 24 a0 00 00 00 83 e0 01 0f 84 a0 00 00 00
0x00007ffd76252fbe:   48 8b ac 24 c8 00 00 00 66 66 0f 1f 84 00 00 00
0x00007ffd76252fce:   00 00 8b c8 48 8b 47 08 48 8b 1c c8 48 85 db 0f
0x00007ffd76252fde:   84 78 03 00 00 49 8b 87 08 01 00 00 48 63 4b 28
0x00007ffd76252fee:   8b 0c 88 49 8b 47 70 48 69 d1 b0 00 00 00 48 8b
0x00007ffd76252ffe:   48 20 44 39 44 0a 30 75 57 48 89 6c 24 30 45 8b
0x00007ffd7625300e:   c3 48 89 74 24 28 49 8b d6 4c 89 4c 24 20 49 8b
0x00007ffd7625301e:   cf 4c 8b cb e8 09 21 00 00 49 8b 4e 08 44 03 e0
0x00007ffd7625302e:   4c 8b d1 4a 39 1c 29 75 27 8b 43 30 48 8b fb 44
0x00007ffd7625303e:   8b 84 24 a0 00 00 00 44 8b 9c 24 b0 00 00 00 4c
0x00007ffd7625304e:   8b 8c 24 b8 00 00 00 83 e0 01 0f 85 72 ff ff ff
0x00007ffd7625305e:   80 bc 24 d0 00 00 00 00 0f 84 db 02 00 00 48 85
0x00007ffd7625306e:   f6 0f 84 d2 02 00 00 4c 8b b4 24 c8 00 00 00 4d
0x00007ffd7625307e:   85 f6 0f 84 c1 02 00 00 4b 8b 14 2a 49 8b cf e8
0x00007ffd7625308e:   ee 1f 00 00 4c 8b e8 48 3b c7 0f 84 a9 02 00 00
0x00007ffd7625309e:   49 8b 8f 08 01 00 00 48 63 50 28 4c 8b 00 8b 14
0x00007ffd762530ae:   91 49 8b 4f 70 48 69 da b0 00 00 00 48 03 59 20
0x00007ffd762530be:   48 8b c8 8b 7b 30 41 ff 50 68 8b c8 48 8b d3 e8
0x00007ffd762530ce:   6e 31 02 00 4c 8b ce 44 8b c0 8b d7 49 8b cd 8b
0x00007ffd762530de:   e8 e8 3c 1f 00 00 84 c0 74 66 49 8b 4e 10 48 8d 


Stack slot to memory mapping:

stack at sp + 0 slots: 0x00000222f9775ab8 points into unknown readable memory: 0x00007ffd764faa90 | 90 aa 4f 76 fd 7f 00 00
stack at sp + 1 slots: 0x0000000000000002 is an unknown value
stack at sp + 2 slots: 0x00000222849bb660 points into unknown readable memory: 0x00000222f71f0f10 | 10 0f 1f f7 22 02 00 00
stack at sp + 3 slots: 0x0000002f092fd1f0 is pointing into the stack for thread: 0x000002229c9e0100
stack at sp + 4 slots: 0x00000222fe7fa480 points into unknown readable memory: 0x00007ffd76540868 | 68 08 54 76 fd 7f 00 00
stack at sp + 5 slots: 0x00000222849bb660 points into unknown readable memory: 0x00000222f71f0f10 | 10 0f 1f f7 22 02 00 00
stack at sp + 6 slots: 0x00000222849ba230 points into unknown readable memory: 0x00000222f71f0f10 | 10 0f 1f f7 22 02 00 00
stack at sp + 7 slots: 0x00000222849ba230 points into unknown readable memory: 0x00000222f71f0f10 | 10 0f 1f f7 22 02 00 00


---------------  P R O C E S S  ---------------

Threads class SMR info:
_java_thread_list=0x0000022283207550, length=44, elements={
0x000002229a6f7af0, 0x000002229c9d1f90, 0x000002229c9d36d0, 0x000002229c9d7380,
0x000002229c9d9df0, 0x000002229c9da850, 0x000002229c9db2b0, 0x000002229c9e0100,
0x00000222f86d2630, 0x00000222f870dfa0, 0x00000222f8a4cca0, 0x00000222fe22c200,
0x00000222f9e0cf60, 0x00000222fe28b120, 0x00000222fe7e7840, 0x00000222fe7b5950,
0x00000222febe7020, 0x00000222fea067c0, 0x00000222fea06130, 0x00000222fea074e0,
0x00000222fea06e50, 0x00000222fea046f0, 0x00000222fea04060, 0x000002228049b900,
0x0000022280498480, 0x0000022280498b10, 0x000002228049a550, 0x0000022280499ec0,
0x00000222804991a0, 0x0000022280495d20, 0x0000022280499830, 0x00000222804963b0,
0x000002228049abe0, 0x0000022280497df0, 0x000002228049b270, 0x000002228049bf90,
0x0000022280495000, 0x00000222846282f0, 0x0000022280496a40, 0x0000022284a60bf0,
0x0000022284a5b010, 0x0000022284a5b6a0, 0x0000022284a5d770, 0x0000022284a5e490
}

Java Threads: ( => current thread )
  0x000002229a6f7af0 JavaThread "main"                              [_thread_blocked, id=17148, stack(0x0000002f08800000,0x0000002f08900000) (1024K)]
  0x000002229c9d1f90 JavaThread "Reference Handler"          daemon [_thread_blocked, id=8600, stack(0x0000002f08c00000,0x0000002f08d00000) (1024K)]
  0x000002229c9d36d0 JavaThread "Finalizer"                  daemon [_thread_blocked, id=17952, stack(0x0000002f08d00000,0x0000002f08e00000) (1024K)]
  0x000002229c9d7380 JavaThread "Signal Dispatcher"          daemon [_thread_blocked, id=14140, stack(0x0000002f08e00000,0x0000002f08f00000) (1024K)]
  0x000002229c9d9df0 JavaThread "Attach Listener"            daemon [_thread_blocked, id=20752, stack(0x0000002f08f00000,0x0000002f09000000) (1024K)]
  0x000002229c9da850 JavaThread "Service Thread"             daemon [_thread_blocked, id=18952, stack(0x0000002f09000000,0x0000002f09100000) (1024K)]
  0x000002229c9db2b0 JavaThread "Monitor Deflation Thread"   daemon [_thread_blocked, id=21492, stack(0x0000002f09100000,0x0000002f09200000) (1024K)]
=>0x000002229c9e0100 JavaThread "C2 CompilerThread0"         daemon [_thread_in_native, id=23348, stack(0x0000002f09200000,0x0000002f09300000) (1024K)]
  0x00000222f86d2630 JavaThread "C1 CompilerThread0"         daemon [_thread_blocked, id=11088, stack(0x0000002f09300000,0x0000002f09400000) (1024K)]
  0x00000222f870dfa0 JavaThread "Common-Cleaner"             daemon [_thread_blocked, id=21408, stack(0x0000002f09400000,0x0000002f09500000) (1024K)]
  0x00000222f8a4cca0 JavaThread "Notification Thread"        daemon [_thread_blocked, id=6860, stack(0x0000002f09600000,0x0000002f09700000) (1024K)]
  0x00000222fe22c200 JavaThread "Active Thread: Equinox Container: dfbd431e-ea9f-41c1-afea-270e406b54ca"        [_thread_blocked, id=14132, stack(0x0000002f09e00000,0x0000002f09f00000) (1024K)]
  0x00000222f9e0cf60 JavaThread "Framework Event Dispatcher: Equinox Container: dfbd431e-ea9f-41c1-afea-270e406b54ca" daemon [_thread_blocked, id=10892, stack(0x0000002f09f00000,0x0000002f0a000000) (1024K)]
  0x00000222fe28b120 JavaThread "Start Level: Equinox Container: dfbd431e-ea9f-41c1-afea-270e406b54ca" daemon [_thread_blocked, id=11692, stack(0x0000002f0a000000,0x0000002f0a100000) (1024K)]
  0x00000222fe7e7840 JavaThread "Bundle File Closer"         daemon [_thread_blocked, id=20540, stack(0x0000002f0a200000,0x0000002f0a300000) (1024K)]
  0x00000222fe7b5950 JavaThread "SCR Component Actor"        daemon [_thread_blocked, id=14696, stack(0x0000002f0a500000,0x0000002f0a600000) (1024K)]
  0x00000222febe7020 JavaThread "Worker-JM"                         [_thread_blocked, id=9320, stack(0x0000002f0a700000,0x0000002f0a800000) (1024K)]
  0x00000222fea067c0 JavaThread "Java indexing"              daemon [_thread_blocked, id=17216, stack(0x0000002f0aa00000,0x0000002f0ab00000) (1024K)]
  0x00000222fea06130 JavaThread "JNA Cleaner"                daemon [_thread_blocked, id=14752, stack(0x0000002f0ab00000,0x0000002f0ac00000) (1024K)]
  0x00000222fea074e0 JavaThread "Thread-2"                   daemon [_thread_in_native, id=21928, stack(0x0000002f0af00000,0x0000002f0b000000) (1024K)]
  0x00000222fea06e50 JavaThread "Thread-3"                   daemon [_thread_in_native, id=6856, stack(0x0000002f0b000000,0x0000002f0b100000) (1024K)]
  0x00000222fea046f0 JavaThread "Thread-4"                   daemon [_thread_in_native, id=2020, stack(0x0000002f0b100000,0x0000002f0b200000) (1024K)]
  0x00000222fea04060 JavaThread "Thread-5"                   daemon [_thread_in_native, id=12056, stack(0x0000002f0b200000,0x0000002f0b300000) (1024K)]
  0x000002228049b900 JavaThread "Thread-6"                   daemon [_thread_in_native, id=616, stack(0x0000002f0b300000,0x0000002f0b400000) (1024K)]
  0x0000022280498480 JavaThread "Thread-7"                   daemon [_thread_in_native, id=22288, stack(0x0000002f0b400000,0x0000002f0b500000) (1024K)]
  0x0000022280498b10 JavaThread "Thread-8"                   daemon [_thread_in_native, id=3448, stack(0x0000002f0b500000,0x0000002f0b600000) (1024K)]
  0x000002228049a550 JavaThread "Thread-9"                   daemon [_thread_in_native, id=84, stack(0x0000002f0b600000,0x0000002f0b700000) (1024K)]
  0x0000022280499ec0 JavaThread "Thread-10"                  daemon [_thread_in_native, id=18640, stack(0x0000002f0b700000,0x0000002f0b800000) (1024K)]
  0x00000222804991a0 JavaThread "Thread-11"                  daemon [_thread_in_native, id=14412, stack(0x0000002f0b800000,0x0000002f0b900000) (1024K)]
  0x0000022280495d20 JavaThread "Thread-12"                  daemon [_thread_in_native, id=7796, stack(0x0000002f0b900000,0x0000002f0ba00000) (1024K)]
  0x0000022280499830 JavaThread "Thread-13"                  daemon [_thread_in_native, id=19132, stack(0x0000002f0ba00000,0x0000002f0bb00000) (1024K)]
  0x00000222804963b0 JavaThread "Thread-14"                  daemon [_thread_in_native, id=628, stack(0x0000002f0bb00000,0x0000002f0bc00000) (1024K)]
  0x000002228049abe0 JavaThread "pool-2-thread-1"                   [_thread_blocked, id=18588, stack(0x0000002f0bc00000,0x0000002f0bd00000) (1024K)]
  0x0000022280497df0 JavaThread "WorkspaceEventsHandler"            [_thread_blocked, id=19972, stack(0x0000002f0be00000,0x0000002f0bf00000) (1024K)]
  0x000002228049b270 JavaThread "pool-1-thread-1"                   [_thread_blocked, id=19144, stack(0x0000002f0bf00000,0x0000002f0c000000) (1024K)]
  0x000002228049bf90 JavaThread "pool-3-thread-1"                   [_thread_in_native, id=3784, stack(0x0000002f0c100000,0x0000002f0c200000) (1024K)]
  0x0000022280495000 JavaThread "Cleaner-0"                  daemon [_thread_blocked, id=9968, stack(0x0000002f0cf00000,0x0000002f0d000000) (1024K)]
  0x00000222846282f0 JavaThread "ForkJoinPool.commonPool-worker-14" daemon [_thread_blocked, id=12104, stack(0x0000002f08700000,0x0000002f08800000) (1024K)]
  0x0000022280496a40 JavaThread "ForkJoinPool.commonPool-worker-20" daemon [_thread_blocked, id=19728, stack(0x0000002f0ac00000,0x0000002f0ad00000) (1024K)]
  0x0000022284a60bf0 JavaThread "Worker-19"                         [_thread_blocked, id=15568, stack(0x0000002f0c000000,0x0000002f0c100000) (1024K)]
  0x0000022284a5b010 JavaThread "Worker-21"                         [_thread_blocked, id=22600, stack(0x0000002f0a900000,0x0000002f0aa00000) (1024K)]
  0x0000022284a5b6a0 JavaThread "ForkJoinPool.commonPool-worker-29" daemon [_thread_blocked, id=9928, stack(0x0000002f08500000,0x0000002f08600000) (1024K)]
  0x0000022284a5d770 JavaThread "ForkJoinPool.commonPool-worker-30" daemon [_thread_blocked, id=22116, stack(0x0000002f08600000,0x0000002f08700000) (1024K)]
  0x0000022284a5e490 JavaThread "Worker-22"                         [_thread_blocked, id=9180, stack(0x0000002f09500000,0x0000002f09600000) (1024K)]
Total: 44

Other Threads:
  0x00000222f71e49c0 VMThread "VM Thread"                           [id=10060, stack(0x0000002f08b00000,0x0000002f08c00000) (1024K)]
  0x000002229c99a340 WatcherThread "VM Periodic Task Thread"        [id=9872, stack(0x0000002f08a00000,0x0000002f08b00000) (1024K)]
  0x000002229c94c930 WorkerThread "GC Thread#0"                     [id=9384, stack(0x0000002f08900000,0x0000002f08a00000) (1024K)]
  0x00000222f9b534f0 WorkerThread "GC Thread#1"                     [id=13244, stack(0x0000002f09800000,0x0000002f09900000) (1024K)]
  0x00000222f9b53c90 WorkerThread "GC Thread#2"                     [id=1624, stack(0x0000002f09900000,0x0000002f09a00000) (1024K)]
  0x00000222fe185270 WorkerThread "GC Thread#3"                     [id=3908, stack(0x0000002f09a00000,0x0000002f09b00000) (1024K)]
  0x00000222fe185610 WorkerThread "GC Thread#4"                     [id=19756, stack(0x0000002f09b00000,0x0000002f09c00000) (1024K)]
  0x00000222fe1859b0 WorkerThread "GC Thread#5"                     [id=20200, stack(0x0000002f09c00000,0x0000002f09d00000) (1024K)]
  0x00000222fe185d50 WorkerThread "GC Thread#6"                     [id=12712, stack(0x0000002f09d00000,0x0000002f09e00000) (1024K)]
  0x00000222fe21c790 WorkerThread "GC Thread#7"                     [id=4640, stack(0x0000002f0a100000,0x0000002f0a200000) (1024K)]
  0x00000222fe36c7d0 WorkerThread "GC Thread#8"                     [id=12260, stack(0x0000002f0a300000,0x0000002f0a400000) (1024K)]
  0x00000222fe36b210 WorkerThread "GC Thread#9"                     [id=15668, stack(0x0000002f0a400000,0x0000002f0a500000) (1024K)]
Total: 12

Threads with active compile tasks:
C2 CompilerThread0  5031871 37203       4       org.eclipse.jdt.internal.compiler.ast.IfStatement::analyseCode (680 bytes)
Total: 1

VM state: not at safepoint (normal execution)

VM Mutex/Monitor currently owned by a thread: None

Heap address: 0x00000000c0000000, size: 1024 MB, Compressed Oops mode: 32-bit

CDS archive(s) mapped at: [0x00000222b6000000-0x00000222b6c90000-0x00000222b6c90000), size 13172736, SharedBaseAddress: 0x00000222b6000000, ArchiveRelocationMode: 1.
Compressed class space mapped at: 0x00000222b7000000-0x00000222f7000000, reserved size: 1073741824
Narrow klass base: 0x00000222b6000000, Narrow klass shift: 0, Narrow klass range: 0x100000000

GC Precious Log:
 CardTable entry size: 512
 CPUs: 12 total, 12 available
 Memory: 16108M
 Large Page Support: Disabled
 NUMA Support: Disabled
 Compressed Oops: Enabled (32-bit)
 Alignments: Space 512K, Generation 512K, Heap 2M
 Heap Min Capacity: 100M
 Heap Initial Capacity: 100M
 Heap Max Capacity: 1G
 Pre-touch: Disabled
 Parallel Workers: 10

Heap:
 PSYoungGen      total 5632K, used 5019K [0x00000000eab00000, 0x00000000eb580000, 0x0000000100000000)
  eden space 3584K, 82% used [0x00000000eab00000,0x00000000eade6d48,0x00000000eae80000)
  from space 2048K, 100% used [0x00000000eaf00000,0x00000000eb100000,0x00000000eb100000)
  to   space 3584K, 0% used [0x00000000eb200000,0x00000000eb200000,0x00000000eb580000)
 ParOldGen       total 150528K, used 148688K [0x00000000c0000000, 0x00000000c9300000, 0x00000000eab00000)
  object space 150528K, 98% used [0x00000000c0000000,0x00000000c91340f0,0x00000000c9300000)
 Metaspace       used 91263K, committed 92736K, reserved 1179648K
  class space    used 8624K, committed 9344K, reserved 1048576K

Card table byte_map: [0x000002229c2d0000,0x000002229c4e0000] _byte_map_base: 0x000002229bcd0000

Marking Bits: (ParMarkBitMap*) 0x00007ffd76807080
 Begin Bits: [0x00000222b4000000, 0x00000222b5000000)
 End Bits:   [0x00000222b5000000, 0x00000222b6000000)

Polling page: 0x000002229a8a0000

Metaspace:

Usage:
  Non-class:     80.70 MB used.
      Class:      8.42 MB used.
       Both:     89.12 MB used.

Virtual space:
  Non-class space:      128.00 MB reserved,      81.44 MB ( 64%) committed,  2 nodes.
      Class space:        1.00 GB reserved,       9.12 MB ( <1%) committed,  1 nodes.
             Both:        1.12 GB reserved,      90.56 MB (  8%) committed. 

Chunk freelists:
   Non-Class:  14.57 MB
       Class:  6.91 MB
        Both:  21.48 MB

MaxMetaspaceSize: unlimited
CompressedClassSpaceSize: 1.00 GB
Initial GC threshold: 21.00 MB
Current GC threshold: 150.75 MB
CDS: on
 - commit_granule_bytes: 65536.
 - commit_granule_words: 8192.
 - virtual_space_node_default_size: 8388608.
 - enlarge_chunks_in_place: 1.
 - use_allocation_guard: 0.


Internal statistics:

num_allocs_failed_limit: 6.
num_arena_births: 2008.
num_arena_deaths: 522.
num_vsnodes_births: 3.
num_vsnodes_deaths: 0.
num_space_committed: 1449.
num_space_uncommitted: 0.
num_chunks_returned_to_freelist: 624.
num_chunks_taken_from_freelist: 6928.
num_chunk_merges: 139.
num_chunk_splits: 3863.
num_chunks_enlarged: 2003.
num_inconsistent_stats: 0.

CodeHeap 'non-profiled nmethods': size=120000Kb used=25560Kb max_used=26513Kb free=94439Kb
 bounds [0x00000222acad0000, 0x00000222ae4d0000, 0x00000222b4000000]
CodeHeap 'profiled nmethods': size=120000Kb used=23828Kb max_used=48112Kb free=96171Kb
 bounds [0x00000222a5000000, 0x00000222a7f00000, 0x00000222ac530000]
CodeHeap 'non-nmethods': size=5760Kb used=1521Kb max_used=1594Kb free=4238Kb
 bounds [0x00000222ac530000, 0x00000222ac7a0000, 0x00000222acad0000]
 total_blobs=12716 nmethods=11885 adapters=732
 compilation: enabled
              stopped_count=0, restarted_count=0
 full_count=0

Compilation events (20 events):
Event: 5024.180 Thread 0x00000222f86d2630 nmethod 37193 0x00000222a532a310 code [0x00000222a532b0c0, 0x00000222a5335ed8]
Event: 5024.789 Thread 0x000002229c9e0100 37194       4       org.eclipse.jdt.ls.core.internal.codemanipulation.GenerateGetterSetterOperation::getUnimplementedAccessors (322 bytes)
Event: 5024.947 Thread 0x000002229c9e0100 nmethod 37194 0x00000222ad4a2610 code [0x00000222ad4a34a0, 0x00000222ad4aa518]
Event: 5024.947 Thread 0x000002229c9e0100 37195       4       org.eclipse.jdt.internal.compiler.parser.Scanner::internalScanIdentifierOrKeyword (4773 bytes)
Event: 5024.981 Thread 0x000002229c9e0100 nmethod 37195 0x00000222ae1ff210 code [0x00000222ae1ff800, 0x00000222ae202690]
Event: 5025.448 Thread 0x000002229c9e0100 37196       4       org.eclipse.jdt.core.compiler.CharOperation::camelCaseMatch (25 bytes)
Event: 5025.450 Thread 0x000002229c9e0100 nmethod 37196 0x00000222acb2cc10 code [0x00000222acb2cda0, 0x00000222acb2ce78]
Event: 5026.151 Thread 0x000002229c9e0100 37197   !   4       org.eclipse.core.internal.jobs.InternalJob::setRunCanceled (43 bytes)
Event: 5026.151 Thread 0x000002229c9e0100 nmethod 37197 0x00000222acb47d90 code [0x00000222acb47f20, 0x00000222acb48150]
Event: 5030.167 Thread 0x000002229c9e0100 37198       4       org.eclipse.jdt.internal.compiler.parser.diagnose.DiagnoseParser::secondaryCheck (119 bytes)
Event: 5030.181 Thread 0x000002229c9e0100 nmethod 37198 0x00000222ad497390 code [0x00000222ad4975a0, 0x00000222ad497f20]
Event: 5030.181 Thread 0x000002229c9e0100 37199       4       org.eclipse.jdt.internal.compiler.ast.UnlikelyArgumentCheck::createUnlikelyArgumentCheck (20 bytes)
Event: 5030.182 Thread 0x000002229c9e0100 nmethod 37199 0x00000222acb33790 code [0x00000222acb33920, 0x00000222acb33a38]
Event: 5030.629 Thread 0x00000222f86d2630 37200       3       org.eclipse.jdt.internal.compiler.parser.RecoveredMethod::addModifier (23 bytes)
Event: 5030.630 Thread 0x00000222f86d2630 nmethod 37200 0x00000222a5019510 code [0x00000222a50196a0, 0x00000222a50197f0]
Event: 5030.742 Thread 0x000002229c9e0100 37201 %     4       org.eclipse.jdt.internal.compiler.parser.RecoveredElement::enclosingMethod @ 5 (28 bytes)
Event: 5030.743 Thread 0x000002229c9e0100 nmethod 37201% 0x00000222acb71d10 code [0x00000222acb71ea0, 0x00000222acb71fb8]
Event: 5030.876 Thread 0x00000222f86d2630 37202       3       org.eclipse.jdt.internal.codeassist.CompletionEngine::findLocalMethods (2641 bytes)
Event: 5030.894 Thread 0x00000222f86d2630 nmethod 37202 0x00000222a621e310 code [0x00000222a621f480, 0x00000222a622dd00]
Event: 5031.770 Thread 0x000002229c9e0100 37203       4       org.eclipse.jdt.internal.compiler.ast.IfStatement::analyseCode (680 bytes)

GC Heap History (20 events):
Event: 5030.752 GC heap before
{Heap before GC invocations=11715 (full 171):
 PSYoungGen      total 4608K, used 4416K [0x00000000eab00000, 0x00000000eb200000, 0x0000000100000000)
  eden space 3584K, 100% used [0x00000000eab00000,0x00000000eae80000,0x00000000eae80000)
  from space 1024K, 81% used [0x00000000eb000000,0x00000000eb0d0000,0x00000000eb100000)
  to   space 1024K, 0% used [0x00000000eb100000,0x00000000eb100000,0x00000000eb200000)
 ParOldGen       total 150528K, used 139471K [0x00000000c0000000, 0x00000000c9300000, 0x00000000eab00000)
  object space 150528K, 92% used [0x00000000c0000000,0x00000000c8833e10,0x00000000c9300000)
 Metaspace       used 91263K, committed 92736K, reserved 1179648K
  class space    used 8624K, committed 9344K, reserved 1048576K
}
Event: 5030.754 GC heap after
{Heap after GC invocations=11715 (full 171):
 PSYoungGen      total 4096K, used 96K [0x00000000eab00000, 0x00000000eb180000, 0x0000000100000000)
  eden space 3584K, 0% used [0x00000000eab00000,0x00000000eab00000,0x00000000eae80000)
  from space 512K, 18% used [0x00000000eb100000,0x00000000eb118000,0x00000000eb180000)
  to   space 512K, 0% used [0x00000000eb080000,0x00000000eb080000,0x00000000eb100000)
 ParOldGen       total 150528K, used 140143K [0x00000000c0000000, 0x00000000c9300000, 0x00000000eab00000)
  object space 150528K, 93% used [0x00000000c0000000,0x00000000c88dbd20,0x00000000c9300000)
 Metaspace       used 91263K, committed 92736K, reserved 1179648K
  class space    used 8624K, committed 9344K, reserved 1048576K
}
Event: 5030.816 GC heap before
{Heap before GC invocations=11716 (full 171):
 PSYoungGen      total 4096K, used 3680K [0x00000000eab00000, 0x00000000eb180000, 0x0000000100000000)
  eden space 3584K, 100% used [0x00000000eab00000,0x00000000eae80000,0x00000000eae80000)
  from space 512K, 18% used [0x00000000eb100000,0x00000000eb118000,0x00000000eb180000)
  to   space 512K, 0% used [0x00000000eb080000,0x00000000eb080000,0x00000000eb100000)
 ParOldGen       total 150528K, used 140143K [0x00000000c0000000, 0x00000000c9300000, 0x00000000eab00000)
  object space 150528K, 93% used [0x00000000c0000000,0x00000000c88dbd20,0x00000000c9300000)
 Metaspace       used 91263K, committed 92736K, reserved 1179648K
  class space    used 8624K, committed 9344K, reserved 1048576K
}
Event: 5030.819 GC heap after
{Heap after GC invocations=11716 (full 171):
 PSYoungGen      total 4096K, used 512K [0x00000000eab00000, 0x00000000eb180000, 0x0000000100000000)
  eden space 3584K, 0% used [0x00000000eab00000,0x00000000eab00000,0x00000000eae80000)
  from space 512K, 100% used [0x00000000eb080000,0x00000000eb100000,0x00000000eb100000)
  to   space 512K, 0% used [0x00000000eb100000,0x00000000eb100000,0x00000000eb180000)
 ParOldGen       total 150528K, used 140661K [0x00000000c0000000, 0x00000000c9300000, 0x00000000eab00000)
  object space 150528K, 93% used [0x00000000c0000000,0x00000000c895d480,0x00000000c9300000)
 Metaspace       used 91263K, committed 92736K, reserved 1179648K
  class space    used 8624K, committed 9344K, reserved 1048576K
}
Event: 5030.877 GC heap before
{Heap before GC invocations=11717 (full 171):
 PSYoungGen      total 4096K, used 4096K [0x00000000eab00000, 0x00000000eb180000, 0x0000000100000000)
  eden space 3584K, 100% used [0x00000000eab00000,0x00000000eae80000,0x00000000eae80000)
  from space 512K, 100% used [0x00000000eb080000,0x00000000eb100000,0x00000000eb100000)
  to   space 512K, 0% used [0x00000000eb100000,0x00000000eb100000,0x00000000eb180000)
 ParOldGen       total 150528K, used 140661K [0x00000000c0000000, 0x00000000c9300000, 0x00000000eab00000)
  object space 150528K, 93% used [0x00000000c0000000,0x00000000c895d480,0x00000000c9300000)
 Metaspace       used 91263K, committed 92736K, reserved 1179648K
  class space    used 8624K, committed 9344K, reserved 1048576K
}
Event: 5030.879 GC heap after
{Heap after GC invocations=11717 (full 171):
 PSYoungGen      total 4096K, used 481K [0x00000000eab00000, 0x00000000eb180000, 0x0000000100000000)
  eden space 3584K, 0% used [0x00000000eab00000,0x00000000eab00000,0x00000000eae80000)
  from space 512K, 93% used [0x00000000eb100000,0x00000000eb1784e0,0x00000000eb180000)
  to   space 1536K, 0% used [0x00000000eae80000,0x00000000eae80000,0x00000000eb000000)
 ParOldGen       total 150528K, used 141575K [0x00000000c0000000, 0x00000000c9300000, 0x00000000eab00000)
  object space 150528K, 94% used [0x00000000c0000000,0x00000000c8a41e90,0x00000000c9300000)
 Metaspace       used 91263K, committed 92736K, reserved 1179648K
  class space    used 8624K, committed 9344K, reserved 1048576K
}
Event: 5030.890 GC heap before
{Heap before GC invocations=11718 (full 171):
 PSYoungGen      total 4096K, used 4065K [0x00000000eab00000, 0x00000000eb180000, 0x0000000100000000)
  eden space 3584K, 100% used [0x00000000eab00000,0x00000000eae80000,0x00000000eae80000)
  from space 512K, 93% used [0x00000000eb100000,0x00000000eb1784e0,0x00000000eb180000)
  to   space 1536K, 0% used [0x00000000eae80000,0x00000000eae80000,0x00000000eb000000)
 ParOldGen       total 150528K, used 141575K [0x00000000c0000000, 0x00000000c9300000, 0x00000000eab00000)
  object space 150528K, 94% used [0x00000000c0000000,0x00000000c8a41e90,0x00000000c9300000)
 Metaspace       used 91263K, committed 92736K, reserved 1179648K
  class space    used 8624K, committed 9344K, reserved 1048576K
}
Event: 5030.893 GC heap after
{Heap after GC invocations=11718 (full 171):
 PSYoungGen      total 5120K, used 1536K [0x00000000eab00000, 0x00000000eb780000, 0x0000000100000000)
  eden space 3584K, 0% used [0x00000000eab00000,0x00000000eab00000,0x00000000eae80000)
  from space 1536K, 100% used [0x00000000eae80000,0x00000000eb000000,0x00000000eb000000)
  to   space 4608K, 0% used [0x00000000eb300000,0x00000000eb300000,0x00000000eb780000)
 ParOldGen       total 150528K, used 143941K [0x00000000c0000000, 0x00000000c9300000, 0x00000000eab00000)
  object space 150528K, 95% used [0x00000000c0000000,0x00000000c8c917f0,0x00000000c9300000)
 Metaspace       used 91263K, committed 92736K, reserved 1179648K
  class space    used 8624K, committed 9344K, reserved 1048576K
}
Event: 5031.237 GC heap before
{Heap before GC invocations=11719 (full 171):
 PSYoungGen      total 5120K, used 5119K [0x00000000eab00000, 0x00000000eb780000, 0x0000000100000000)
  eden space 3584K, 99% used [0x00000000eab00000,0x00000000eae7fff0,0x00000000eae80000)
  from space 1536K, 100% used [0x00000000eae80000,0x00000000eb000000,0x00000000eb000000)
  to   space 4608K, 0% used [0x00000000eb300000,0x00000000eb300000,0x00000000eb780000)
 ParOldGen       total 150528K, used 143941K [0x00000000c0000000, 0x00000000c9300000, 0x00000000eab00000)
  object space 150528K, 95% used [0x00000000c0000000,0x00000000c8c917f0,0x00000000c9300000)
 Metaspace       used 91263K, committed 92736K, reserved 1179648K
  class space    used 8624K, committed 9344K, reserved 1048576K
}
Event: 5031.242 GC heap after
{Heap after GC invocations=11719 (full 171):
 PSYoungGen      total 5120K, used 1040K [0x00000000eab00000, 0x00000000eb480000, 0x0000000100000000)
  eden space 3584K, 0% used [0x00000000eab00000,0x00000000eab00000,0x00000000eae80000)
  from space 1536K, 67% used [0x00000000eb300000,0x00000000eb404010,0x00000000eb480000)
  to   space 2560K, 0% used [0x00000000eaf80000,0x00000000eaf80000,0x00000000eb200000)
 ParOldGen       total 150528K, used 145251K [0x00000000c0000000, 0x00000000c9300000, 0x00000000eab00000)
  object space 150528K, 96% used [0x00000000c0000000,0x00000000c8dd8f20,0x00000000c9300000)
 Metaspace       used 91263K, committed 92736K, reserved 1179648K
  class space    used 8624K, committed 9344K, reserved 1048576K
}
Event: 5031.285 GC heap before
{Heap before GC invocations=11720 (full 171):
 PSYoungGen      total 5120K, used 4624K [0x00000000eab00000, 0x00000000eb480000, 0x0000000100000000)
  eden space 3584K, 100% used [0x00000000eab00000,0x00000000eae80000,0x00000000eae80000)
  from space 1536K, 67% used [0x00000000eb300000,0x00000000eb404010,0x00000000eb480000)
  to   space 2560K, 0% used [0x00000000eaf80000,0x00000000eaf80000,0x00000000eb200000)
 ParOldGen       total 150528K, used 145251K [0x00000000c0000000, 0x00000000c9300000, 0x00000000eab00000)
  object space 150528K, 96% used [0x00000000c0000000,0x00000000c8dd8f20,0x00000000c9300000)
 Metaspace       used 91263K, committed 92736K, reserved 1179648K
  class space    used 8624K, committed 9344K, reserved 1048576K
}
Event: 5031.287 GC heap after
{Heap after GC invocations=11720 (full 171):
 PSYoungGen      total 6144K, used 688K [0x00000000eab00000, 0x00000000eb380000, 0x0000000100000000)
  eden space 3584K, 0% used [0x00000000eab00000,0x00000000eab00000,0x00000000eae80000)
  from space 2560K, 26% used [0x00000000eaf80000,0x00000000eb02c010,0x00000000eb200000)
  to   space 1024K, 0% used [0x00000000eb280000,0x00000000eb280000,0x00000000eb380000)
 ParOldGen       total 150528K, used 146139K [0x00000000c0000000, 0x00000000c9300000, 0x00000000eab00000)
  object space 150528K, 97% used [0x00000000c0000000,0x00000000c8eb6ed0,0x00000000c9300000)
 Metaspace       used 91263K, committed 92736K, reserved 1179648K
  class space    used 8624K, committed 9344K, reserved 1048576K
}
Event: 5031.293 GC heap before
{Heap before GC invocations=11721 (full 171):
 PSYoungGen      total 6144K, used 4272K [0x00000000eab00000, 0x00000000eb380000, 0x0000000100000000)
  eden space 3584K, 100% used [0x00000000eab00000,0x00000000eae80000,0x00000000eae80000)
  from space 2560K, 26% used [0x00000000eaf80000,0x00000000eb02c010,0x00000000eb200000)
  to   space 1024K, 0% used [0x00000000eb280000,0x00000000eb280000,0x00000000eb380000)
 ParOldGen       total 150528K, used 146139K [0x00000000c0000000, 0x00000000c9300000, 0x00000000eab00000)
  object space 150528K, 97% used [0x00000000c0000000,0x00000000c8eb6ed0,0x00000000c9300000)
 Metaspace       used 91263K, committed 92736K, reserved 1179648K
  class space    used 8624K, committed 9344K, reserved 1048576K
}
Event: 5031.294 GC heap after
{Heap after GC invocations=11721 (full 171):
 PSYoungGen      total 4096K, used 192K [0x00000000eab00000, 0x00000000eb300000, 0x0000000100000000)
  eden space 3584K, 0% used [0x00000000eab00000,0x00000000eab00000,0x00000000eae80000)
  from space 512K, 37% used [0x00000000eb280000,0x00000000eb2b0000,0x00000000eb300000)
  to   space 512K, 0% used [0x00000000eb200000,0x00000000eb200000,0x00000000eb280000)
 ParOldGen       total 150528K, used 146211K [0x00000000c0000000, 0x00000000c9300000, 0x00000000eab00000)
  object space 150528K, 97% used [0x00000000c0000000,0x00000000c8ec8ed0,0x00000000c9300000)
 Metaspace       used 91263K, committed 92736K, reserved 1179648K
  class space    used 8624K, committed 9344K, reserved 1048576K
}
Event: 5031.584 GC heap before
{Heap before GC invocations=11722 (full 171):
 PSYoungGen      total 4096K, used 3776K [0x00000000eab00000, 0x00000000eb300000, 0x0000000100000000)
  eden space 3584K, 100% used [0x00000000eab00000,0x00000000eae80000,0x00000000eae80000)
  from space 512K, 37% used [0x00000000eb280000,0x00000000eb2b0000,0x00000000eb300000)
  to   space 512K, 0% used [0x00000000eb200000,0x00000000eb200000,0x00000000eb280000)
 ParOldGen       total 150528K, used 146211K [0x00000000c0000000, 0x00000000c9300000, 0x00000000eab00000)
  object space 150528K, 97% used [0x00000000c0000000,0x00000000c8ec8ed0,0x00000000c9300000)
 Metaspace       used 91263K, committed 92736K, reserved 1179648K
  class space    used 8624K, committed 9344K, reserved 1048576K
}
Event: 5031.586 GC heap after
{Heap after GC invocations=11722 (full 171):
 PSYoungGen      total 4096K, used 320K [0x00000000eab00000, 0x00000000eb300000, 0x0000000100000000)
  eden space 3584K, 0% used [0x00000000eab00000,0x00000000eab00000,0x00000000eae80000)
  from space 512K, 62% used [0x00000000eb200000,0x00000000eb250000,0x00000000eb280000)
  to   space 512K, 0% used [0x00000000eb280000,0x00000000eb280000,0x00000000eb300000)
 ParOldGen       total 150528K, used 146219K [0x00000000c0000000, 0x00000000c9300000, 0x00000000eab00000)
  object space 150528K, 97% used [0x00000000c0000000,0x00000000c8ecaed0,0x00000000c9300000)
 Metaspace       used 91263K, committed 92736K, reserved 1179648K
  class space    used 8624K, committed 9344K, reserved 1048576K
}
Event: 5031.752 GC heap before
{Heap before GC invocations=11723 (full 171):
 PSYoungGen      total 4096K, used 3904K [0x00000000eab00000, 0x00000000eb300000, 0x0000000100000000)
  eden space 3584K, 100% used [0x00000000eab00000,0x00000000eae80000,0x00000000eae80000)
  from space 512K, 62% used [0x00000000eb200000,0x00000000eb250000,0x00000000eb280000)
  to   space 512K, 0% used [0x00000000eb280000,0x00000000eb280000,0x00000000eb300000)
 ParOldGen       total 150528K, used 146219K [0x00000000c0000000, 0x00000000c9300000, 0x00000000eab00000)
  object space 150528K, 97% used [0x00000000c0000000,0x00000000c8ecaed0,0x00000000c9300000)
 Metaspace       used 91263K, committed 92736K, reserved 1179648K
  class space    used 8624K, committed 9344K, reserved 1048576K
}
Event: 5031.754 GC heap after
{Heap after GC invocations=11723 (full 171):
 PSYoungGen      total 4096K, used 480K [0x00000000eab00000, 0x00000000eb300000, 0x0000000100000000)
  eden space 3584K, 0% used [0x00000000eab00000,0x00000000eab00000,0x00000000eae80000)
  from space 512K, 93% used [0x00000000eb280000,0x00000000eb2f8270,0x00000000eb300000)
  to   space 2048K, 0% used [0x00000000eaf00000,0x00000000eaf00000,0x00000000eb100000)
 ParOldGen       total 150528K, used 147508K [0x00000000c0000000, 0x00000000c9300000, 0x00000000eab00000)
  object space 150528K, 97% used [0x00000000c0000000,0x00000000c900d050,0x00000000c9300000)
 Metaspace       used 91263K, committed 92736K, reserved 1179648K
  class space    used 8624K, committed 9344K, reserved 1048576K
}
Event: 5031.762 GC heap before
{Heap before GC invocations=11724 (full 171):
 PSYoungGen      total 4096K, used 4064K [0x00000000eab00000, 0x00000000eb300000, 0x0000000100000000)
  eden space 3584K, 100% used [0x00000000eab00000,0x00000000eae80000,0x00000000eae80000)
  from space 512K, 93% used [0x00000000eb280000,0x00000000eb2f8270,0x00000000eb300000)
  to   space 2048K, 0% used [0x00000000eaf00000,0x00000000eaf00000,0x00000000eb100000)
 ParOldGen       total 150528K, used 147508K [0x00000000c0000000, 0x00000000c9300000, 0x00000000eab00000)
  object space 150528K, 97% used [0x00000000c0000000,0x00000000c900d050,0x00000000c9300000)
 Metaspace       used 91263K, committed 92736K, reserved 1179648K
  class space    used 8624K, committed 9344K, reserved 1048576K
}
Event: 5031.766 GC heap after
{Heap after GC invocations=11724 (full 171):
 PSYoungGen      total 5632K, used 2048K [0x00000000eab00000, 0x00000000eb580000, 0x0000000100000000)
  eden space 3584K, 0% used [0x00000000eab00000,0x00000000eab00000,0x00000000eae80000)
  from space 2048K, 100% used [0x00000000eaf00000,0x00000000eb100000,0x00000000eb100000)
  to   space 3584K, 0% used [0x00000000eb200000,0x00000000eb200000,0x00000000eb580000)
 ParOldGen       total 150528K, used 148688K [0x00000000c0000000, 0x00000000c9300000, 0x00000000eab00000)
  object space 150528K, 98% used [0x00000000c0000000,0x00000000c91340f0,0x00000000c9300000)
 Metaspace       used 91263K, committed 92736K, reserved 1179648K
  class space    used 8624K, committed 9344K, reserved 1048576K
}

Dll operation events (13 events):
Event: 0.010 Loaded shared library C:\Users\farhadalirezaei\AppData\Roaming\Code\User\globalStorage\pleiades.java-extension-pack-jdk\java\21\bin\java.dll
Event: 0.089 Loaded shared library C:\Users\farhadalirezaei\AppData\Roaming\Code\User\globalStorage\pleiades.java-extension-pack-jdk\java\21\bin\jsvml.dll
Event: 0.189 Loaded shared library C:\Users\farhadalirezaei\AppData\Roaming\Code\User\globalStorage\pleiades.java-extension-pack-jdk\java\21\bin\zip.dll
Event: 0.195 Loaded shared library C:\Users\farhadalirezaei\AppData\Roaming\Code\User\globalStorage\pleiades.java-extension-pack-jdk\java\21\bin\instrument.dll
Event: 0.204 Loaded shared library C:\Users\farhadalirezaei\AppData\Roaming\Code\User\globalStorage\pleiades.java-extension-pack-jdk\java\21\bin\net.dll
Event: 0.207 Loaded shared library C:\Users\farhadalirezaei\AppData\Roaming\Code\User\globalStorage\pleiades.java-extension-pack-jdk\java\21\bin\nio.dll
Event: 0.212 Loaded shared library C:\Users\farhadalirezaei\AppData\Roaming\Code\User\globalStorage\pleiades.java-extension-pack-jdk\java\21\bin\zip.dll
Event: 0.235 Loaded shared library C:\Users\farhadalirezaei\AppData\Roaming\Code\User\globalStorage\pleiades.java-extension-pack-jdk\java\21\bin\jimage.dll
Event: 0.328 Loaded shared library C:\Users\farhadalirezaei\AppData\Roaming\Code\User\globalStorage\pleiades.java-extension-pack-jdk\java\21\bin\verify.dll
Event: 1.679 Loaded shared library C:\Users\farhadalirezaei\AppData\Roaming\Code\User\globalStorage\redhat.java\1.30.0\config_win\org.eclipse.equinox.launcher\org.eclipse.equinox.launcher.win32.win32.x86_64_1.2.900.v20240213-1244\eclipse_11900.dll
Event: 4.059 Loaded shared library C:\Users\farhadalirezaei\AppData\Local\Temp\jna-201175112\jna10434673743785260481.dll
Event: 6.288 Loaded shared library C:\Users\farhadalirezaei\AppData\Roaming\Code\User\globalStorage\pleiades.java-extension-pack-jdk\java\21\bin\sunmscapi.dll
Event: 6.431 Loaded shared library C:\Users\farhadalirezaei\AppData\Roaming\Code\User\globalStorage\pleiades.java-extension-pack-jdk\java\21\bin\extnet.dll

Deoptimization events (20 events):
Event: 4993.491 Thread 0x0000022284a5b010 Uncommon trap: trap_request=0xffffffc6 fr.pc=0x00000222ad7ecfac relative=0x000000000000262c
Event: 4993.491 Thread 0x0000022284a5b010 Uncommon trap: reason=bimorphic_or_optimized_type_check action=maybe_recompile pc=0x00000222ad7ecfac method=org.eclipse.jdt.internal.compiler.ast.CaseStatement.bindingsWhenTrue()[Lorg/eclipse/jdt/internal/compiler/lookup/LocalVariableBinding; @ 26 c2
Event: 4993.491 Thread 0x0000022284a5b010 DEOPT PACKING pc=0x00000222ad7ecfac sp=0x0000002f0a9fe250
Event: 4993.491 Thread 0x0000022284a5b010 DEOPT UNPACKING pc=0x00000222ac583aa2 sp=0x0000002f0a9fe130 mode 2
Event: 4993.497 Thread 0x0000022284a5b010 Uncommon trap: trap_request=0xffffffc6 fr.pc=0x00000222ad7ecfac relative=0x000000000000262c
Event: 4993.497 Thread 0x0000022284a5b010 Uncommon trap: reason=bimorphic_or_optimized_type_check action=maybe_recompile pc=0x00000222ad7ecfac method=org.eclipse.jdt.internal.compiler.ast.CaseStatement.bindingsWhenTrue()[Lorg/eclipse/jdt/internal/compiler/lookup/LocalVariableBinding; @ 26 c2
Event: 4993.497 Thread 0x0000022284a5b010 DEOPT PACKING pc=0x00000222ad7ecfac sp=0x0000002f0a9fe250
Event: 4993.497 Thread 0x0000022284a5b010 DEOPT UNPACKING pc=0x00000222ac583aa2 sp=0x0000002f0a9fe130 mode 2
Event: 4995.947 Thread 0x0000022284a5d770 Uncommon trap: trap_request=0xffffffe4 fr.pc=0x00000222ad3f23b4 relative=0x0000000000007db4
Event: 4995.947 Thread 0x0000022284a5d770 Uncommon trap: reason=range_check action=make_not_entrant pc=0x00000222ad3f23b4 method=org.eclipse.jdt.internal.compiler.ast.SwitchStatement.generateCodeForStringSwitch(Lorg/eclipse/jdt/internal/compiler/lookup/BlockScope;Lorg/eclipse/jdt/internal/compile
Event: 4995.947 Thread 0x0000022284a5d770 DEOPT PACKING pc=0x00000222ad3f23b4 sp=0x0000002f086fe160
Event: 4995.947 Thread 0x0000022284a5d770 DEOPT UNPACKING pc=0x00000222ac583aa2 sp=0x0000002f086fe148 mode 2
Event: 5024.170 Thread 0x0000022284a5e490 Uncommon trap: trap_request=0xffffff45 fr.pc=0x00000222ad7186dc relative=0x000000000000055c
Event: 5024.170 Thread 0x0000022284a5e490 Uncommon trap: reason=unstable_if action=reinterpret pc=0x00000222ad7186dc method=org.eclipse.jdt.internal.compiler.parser.Scanner.internalScanIdentifierOrKeyword(II[C)I @ 3393 c2
Event: 5024.170 Thread 0x0000022284a5e490 DEOPT PACKING pc=0x00000222ad7186dc sp=0x0000002f095fe730
Event: 5024.170 Thread 0x0000022284a5e490 DEOPT UNPACKING pc=0x00000222ac583aa2 sp=0x0000002f095fe6c0 mode 2
Event: 5025.436 Thread 0x000002228049b270 Uncommon trap: trap_request=0xffffff45 fr.pc=0x00000222ae307244 relative=0x00000000000065c4
Event: 5025.436 Thread 0x000002228049b270 Uncommon trap: reason=unstable_if action=reinterpret pc=0x00000222ae307244 method=org.eclipse.jdt.internal.codeassist.CompletionEngine.computeRelevanceForCaseMatching([C[C)I @ 59 c2
Event: 5025.436 Thread 0x000002228049b270 DEOPT PACKING pc=0x00000222ae307244 sp=0x0000002f0bffe160
Event: 5025.436 Thread 0x000002228049b270 DEOPT UNPACKING pc=0x00000222ac583aa2 sp=0x0000002f0bffe008 mode 2

Classes loaded (20 events):
Event: 2673.604 Loading class sun/security/util/math/intpoly/P521OrderField
Event: 2673.604 Loading class sun/security/util/math/intpoly/P521OrderField done
Event: 2673.605 Loading class java/security/interfaces/ECPrivateKey
Event: 2673.605 Loading class java/security/interfaces/ECPrivateKey done
Event: 2673.609 Loading class sun/security/util/math/IntegerModuloP$MultiplicativeInverser$Secp256R1
Event: 2673.609 Loading class sun/security/util/math/IntegerModuloP$MultiplicativeInverser$Secp256R1 done
Event: 2673.654 Loading class sun/security/ssl/KeyShareExtension$CHKeyShareSpec
Event: 2673.655 Loading class sun/security/ssl/KeyShareExtension$CHKeyShareSpec done
Event: 2673.655 Loading class sun/security/ssl/OutputRecord$T13PaddingHolder
Event: 2673.655 Loading class sun/security/ssl/OutputRecord$T13PaddingHolder done
Event: 2673.655 Loading class sun/security/ssl/ContentType
Event: 2673.655 Loading class sun/security/ssl/ContentType done
Event: 2683.661 Loading class javax/crypto/AEADBadTagException
Event: 2683.662 Loading class javax/crypto/AEADBadTagException done
Event: 2683.662 Loading class javax/net/ssl/SSLHandshakeException
Event: 2683.662 Loading class javax/net/ssl/SSLException
Event: 2683.662 Loading class javax/net/ssl/SSLException done
Event: 2683.662 Loading class javax/net/ssl/SSLHandshakeException done
Event: 3600.529 Loading class javax/xml/transform/TransformerConfigurationException
Event: 3600.529 Loading class javax/xml/transform/TransformerConfigurationException done

Classes unloaded (20 events):
Event: 3675.993 Thread 0x00000222f71e49c0 Unloading class 0x00000222b7160400 'java/lang/invoke/LambdaForm$MH+0x00000222b7160400'
Event: 3675.993 Thread 0x00000222f71e49c0 Unloading class 0x00000222b711a000 'java/lang/invoke/LambdaForm$MH+0x00000222b711a000'
Event: 3675.993 Thread 0x00000222f71e49c0 Unloading class 0x00000222b7119800 'java/lang/invoke/LambdaForm$MH+0x00000222b7119800'
Event: 3675.993 Thread 0x00000222f71e49c0 Unloading class 0x00000222b7118800 'java/lang/invoke/LambdaForm$MH+0x00000222b7118800'
Event: 4305.919 Thread 0x00000222f71e49c0 Unloading class 0x00000222b7911800 'java/lang/invoke/LambdaForm$MH+0x00000222b7911800'
Event: 4305.919 Thread 0x00000222f71e49c0 Unloading class 0x00000222b7911000 'java/lang/invoke/LambdaForm$MH+0x00000222b7911000'
Event: 4305.919 Thread 0x00000222f71e49c0 Unloading class 0x00000222b7910c00 'java/lang/invoke/LambdaForm$MH+0x00000222b7910c00'
Event: 4305.919 Thread 0x00000222f71e49c0 Unloading class 0x00000222b7910800 'java/lang/invoke/LambdaForm$MH+0x00000222b7910800'
Event: 4305.919 Thread 0x00000222f71e49c0 Unloading class 0x00000222b7160c00 'java/lang/invoke/LambdaForm$MH+0x00000222b7160c00'
Event: 4305.919 Thread 0x00000222f71e49c0 Unloading class 0x00000222b711a400 'java/lang/invoke/LambdaForm$MH+0x00000222b711a400'
Event: 4305.919 Thread 0x00000222f71e49c0 Unloading class 0x00000222b711b400 'java/lang/invoke/LambdaForm$MH+0x00000222b711b400'
Event: 4305.919 Thread 0x00000222f71e49c0 Unloading class 0x00000222b7161400 'java/lang/invoke/LambdaForm$MH+0x00000222b7161400'
Event: 4305.919 Thread 0x00000222f71e49c0 Unloading class 0x00000222b7905800 'java/lang/invoke/LambdaForm$MH+0x00000222b7905800'
Event: 4963.820 Thread 0x00000222f71e49c0 Unloading class 0x00000222b791a000 'java/lang/invoke/LambdaForm$MH+0x00000222b791a000'
Event: 4963.820 Thread 0x00000222f71e49c0 Unloading class 0x00000222b7919800 'java/lang/invoke/LambdaForm$MH+0x00000222b7919800'
Event: 4963.820 Thread 0x00000222f71e49c0 Unloading class 0x00000222b7919000 'java/lang/invoke/LambdaForm$MH+0x00000222b7919000'
Event: 4963.820 Thread 0x00000222f71e49c0 Unloading class 0x00000222b7918c00 'java/lang/invoke/LambdaForm$MH+0x00000222b7918c00'
Event: 4963.820 Thread 0x00000222f71e49c0 Unloading class 0x00000222b7918800 'java/lang/invoke/LambdaForm$BMH+0x00000222b7918800'
Event: 4963.820 Thread 0x00000222f71e49c0 Unloading class 0x00000222b7918400 'java/lang/invoke/LambdaForm$MH+0x00000222b7918400'
Event: 4963.820 Thread 0x00000222f71e49c0 Unloading class 0x00000222b7918000 'java/lang/invoke/LambdaForm$MH+0x00000222b7918000'

Classes redefined (0 events):
No events

Internal exceptions (20 events):
Event: 4115.293 Thread 0x00000222fea067c0 Exception <a 'sun/nio/fs/WindowsException'{0x00000000eabf03b8}> (0x00000000eabf03b8) 
thrown [s\src\hotspot\share\prims\jni.cpp, line 520]
Event: 4361.117 Thread 0x0000022284a5b6a0 Exception <a 'java/lang/ClassNotFoundException'{0x00000000eadc2c78}: sun/net/www/protocol/jdt/Handler> (0x00000000eadc2c78) 
thrown [s\src\hotspot\share\classfile\systemDictionary.cpp, line 312]
Event: 4361.551 Thread 0x0000022284a5b6a0 Exception <a 'java/lang/ClassNotFoundException'{0x00000000eaf87430}: sun/net/www/protocol/jdt/Handler> (0x00000000eaf87430) 
thrown [s\src\hotspot\share\classfile\systemDictionary.cpp, line 312]
Event: 4361.551 Thread 0x0000022284a5b6a0 Exception <a 'java/lang/ClassNotFoundException'{0x00000000eaf89bb0}: sun/net/www/protocol/jdt/Handler> (0x00000000eaf89bb0) 
thrown [s\src\hotspot\share\classfile\systemDictionary.cpp, line 312]
Event: 4361.551 Thread 0x0000022284a5b6a0 Exception <a 'java/lang/ClassNotFoundException'{0x00000000eaf8df30}: sun/net/www/protocol/jdt/Handler> (0x00000000eaf8df30) 
thrown [s\src\hotspot\share\classfile\systemDictionary.cpp, line 312]
Event: 4361.551 Thread 0x0000022284a5b6a0 Exception <a 'java/lang/ClassNotFoundException'{0x00000000eaf91fd8}: sun/net/www/protocol/jdt/Handler> (0x00000000eaf91fd8) 
thrown [s\src\hotspot\share\classfile\systemDictionary.cpp, line 312]
Event: 4361.552 Thread 0x0000022284a5b6a0 Exception <a 'java/lang/ClassNotFoundException'{0x00000000eaf94298}: sun/net/www/protocol/jdt/Handler> (0x00000000eaf94298) 
thrown [s\src\hotspot\share\classfile\systemDictionary.cpp, line 312]
Event: 4361.552 Thread 0x0000022284a5b6a0 Exception <a 'java/lang/ClassNotFoundException'{0x00000000eaf96598}: sun/net/www/protocol/jdt/Handler> (0x00000000eaf96598) 
thrown [s\src\hotspot\share\classfile\systemDictionary.cpp, line 312]
Event: 4361.552 Thread 0x0000022284a5b6a0 Exception <a 'java/lang/ClassNotFoundException'{0x00000000eaf988c0}: sun/net/www/protocol/jdt/Handler> (0x00000000eaf988c0) 
thrown [s\src\hotspot\share\classfile\systemDictionary.cpp, line 312]
Event: 4366.603 Thread 0x0000022284a5b6a0 Exception <a 'java/lang/ClassNotFoundException'{0x00000000ead73920}: sun/net/www/protocol/jdt/Handler> (0x00000000ead73920) 
thrown [s\src\hotspot\share\classfile\systemDictionary.cpp, line 312]
Event: 4366.603 Thread 0x0000022284a5b6a0 Exception <a 'java/lang/ClassNotFoundException'{0x00000000ead75ac0}: sun/net/www/protocol/jdt/Handler> (0x00000000ead75ac0) 
thrown [s\src\hotspot\share\classfile\systemDictionary.cpp, line 312]
Event: 4368.505 Thread 0x00000222fea067c0 Exception <a 'sun/nio/fs/WindowsException'{0x00000000eacd3ec8}> (0x00000000eacd3ec8) 
thrown [s\src\hotspot\share\prims\jni.cpp, line 520]
Event: 4368.737 Thread 0x00000222fea067c0 Exception <a 'sun/nio/fs/WindowsException'{0x00000000ead23908}> (0x00000000ead23908) 
thrown [s\src\hotspot\share\prims\jni.cpp, line 520]
Event: 4962.937 Thread 0x0000022284a5f1b0 Exception <a 'java/lang/ClassNotFoundException'{0x00000000ead2f0e8}: sun/net/www/protocol/jdt/Handler> (0x00000000ead2f0e8) 
thrown [s\src\hotspot\share\classfile\systemDictionary.cpp, line 312]
Event: 4962.937 Thread 0x0000022284a5f1b0 Exception <a 'java/lang/ClassNotFoundException'{0x00000000ead41748}: sun/net/www/protocol/eclipse-javadoc/Handler> (0x00000000ead41748) 
thrown [s\src\hotspot\share\classfile\systemDictionary.cpp, line 312]
Event: 4962.937 Thread 0x0000022284a5f1b0 Exception <a 'java/lang/ClassNotFoundException'{0x00000000ead43bc0}: sun/net/www/protocol/eclipse-javadoc/Handler> (0x00000000ead43bc0) 
thrown [s\src\hotspot\share\classfile\systemDictionary.cpp, line 312]
Event: 4962.937 Thread 0x0000022284a5f1b0 Exception <a 'java/lang/ClassNotFoundException'{0x00000000ead47fb0}: sun/net/www/protocol/jdt/Handler> (0x00000000ead47fb0) 
thrown [s\src\hotspot\share\classfile\systemDictionary.cpp, line 312]
Event: 4962.937 Thread 0x0000022284a5f1b0 Exception <a 'java/lang/ClassNotFoundException'{0x00000000ead4a270}: sun/net/www/protocol/jdt/Handler> (0x00000000ead4a270) 
thrown [s\src\hotspot\share\classfile\systemDictionary.cpp, line 312]
Event: 5011.460 Thread 0x00000222fea067c0 Exception <a 'sun/nio/fs/WindowsException'{0x00000000eab2e2e8}> (0x00000000eab2e2e8) 
thrown [s\src\hotspot\share\prims\jni.cpp, line 520]
Event: 5011.680 Thread 0x00000222fea067c0 Exception <a 'sun/nio/fs/WindowsException'{0x00000000eae86d30}> (0x00000000eae86d30) 
thrown [s\src\hotspot\share\prims\jni.cpp, line 520]

ZGC Phase Switch (0 events):
No events

VM Operations (20 events):
Event: 5030.752 Executing VM operation: ParallelGCFailedAllocation (Allocation Failure)
Event: 5030.754 Executing VM operation: ParallelGCFailedAllocation (Allocation Failure) done
Event: 5030.816 Executing VM operation: ParallelGCFailedAllocation (Allocation Failure)
Event: 5030.819 Executing VM operation: ParallelGCFailedAllocation (Allocation Failure) done
Event: 5030.877 Executing VM operation: ParallelGCFailedAllocation (Allocation Failure)
Event: 5030.879 Executing VM operation: ParallelGCFailedAllocation (Allocation Failure) done
Event: 5030.890 Executing VM operation: ParallelGCFailedAllocation (Allocation Failure)
Event: 5030.893 Executing VM operation: ParallelGCFailedAllocation (Allocation Failure) done
Event: 5031.237 Executing VM operation: ParallelGCFailedAllocation (Allocation Failure)
Event: 5031.242 Executing VM operation: ParallelGCFailedAllocation (Allocation Failure) done
Event: 5031.285 Executing VM operation: ParallelGCFailedAllocation (Allocation Failure)
Event: 5031.287 Executing VM operation: ParallelGCFailedAllocation (Allocation Failure) done
Event: 5031.293 Executing VM operation: ParallelGCFailedAllocation (Allocation Failure)
Event: 5031.294 Executing VM operation: ParallelGCFailedAllocation (Allocation Failure) done
Event: 5031.584 Executing VM operation: ParallelGCFailedAllocation (Allocation Failure)
Event: 5031.586 Executing VM operation: ParallelGCFailedAllocation (Allocation Failure) done
Event: 5031.752 Executing VM operation: ParallelGCFailedAllocation (Allocation Failure)
Event: 5031.754 Executing VM operation: ParallelGCFailedAllocation (Allocation Failure) done
Event: 5031.762 Executing VM operation: ParallelGCFailedAllocation (Allocation Failure)
Event: 5031.766 Executing VM operation: ParallelGCFailedAllocation (Allocation Failure) done

Events (20 events):
Event: 5010.253 Thread 0x00000222f71e49c0 flushing nmethod 0x00000222a6f88790
Event: 5010.253 Thread 0x00000222f71e49c0 flushing nmethod 0x00000222a5397190
Event: 5010.253 Thread 0x00000222f71e49c0 flushing nmethod 0x00000222ae128890
Event: 5010.253 Thread 0x00000222f71e49c0 flushing nmethod 0x00000222ad7ea210
Event: 5010.253 Thread 0x00000222f71e49c0 flushing nmethod 0x00000222ad3e9b10
Event: 5011.589 Thread 0x00000222f71e49c0 flushing nmethod 0x00000222a7cae690
Event: 5011.589 Thread 0x00000222f71e49c0 flushing nmethod 0x00000222a777a510
Event: 5011.589 Thread 0x00000222f71e49c0 flushing nmethod 0x00000222a72a1610
Event: 5011.589 Thread 0x00000222f71e49c0 flushing nmethod 0x00000222a67cfe10
Event: 5011.589 Thread 0x00000222f71e49c0 flushing nmethod 0x00000222a51e1310
Event: 5011.633 Thread 0x0000022284a5eb20 Thread added: 0x0000022284a5eb20
Event: 5011.648 Thread 0x0000022284a5eb20 Thread exited: 0x0000022284a5eb20
Event: 5011.650 Thread 0x0000022284a5eb20 Thread added: 0x0000022284a5eb20
Event: 5011.656 Thread 0x0000022284a5eb20 Thread exited: 0x0000022284a5eb20
Event: 5012.670 Thread 0x0000022284a5eb20 Thread added: 0x0000022284a5eb20
Event: 5012.676 Thread 0x0000022284a5eb20 Thread exited: 0x0000022284a5eb20
Event: 5012.677 Thread 0x0000022284a5eb20 Thread added: 0x0000022284a5eb20
Event: 5012.686 Thread 0x0000022284a5eb20 Thread exited: 0x0000022284a5eb20
Event: 5022.951 Thread 0x0000022284a5f1b0 Thread exited: 0x0000022284a5f1b0
Event: 5025.527 Thread 0x00000222f71e49c0 flushing nmethod 0x00000222a51ebd90


Dynamic libraries:
0x00007ff711390000 - 0x00007ff71139e000 	C:\Users\farhadalirezaei\AppData\Roaming\Code\User\globalStorage\pleiades.java-extension-pack-jdk\java\21\bin\java.exe
0x00007ffe0a290000 - 0x00007ffe0a4a7000 	C:\Windows\SYSTEM32\ntdll.dll
0x00007ffe09510000 - 0x00007ffe095d4000 	C:\Windows\System32\KERNEL32.DLL
0x00007ffe07820000 - 0x00007ffe07bc7000 	C:\Windows\System32\KERNELBASE.dll
0x00007ffe076d0000 - 0x00007ffe077e1000 	C:\Windows\System32\ucrtbase.dll
0x00007ffdf0ba0000 - 0x00007ffdf0bbb000 	C:\Users\farhadalirezaei\AppData\Roaming\Code\User\globalStorage\pleiades.java-extension-pack-jdk\java\21\bin\VCRUNTIME140.dll
0x00007ffdf21f0000 - 0x00007ffdf2208000 	C:\Users\farhadalirezaei\AppData\Roaming\Code\User\globalStorage\pleiades.java-extension-pack-jdk\java\21\bin\jli.dll
0x00007ffe09ff0000 - 0x00007ffe0a19e000 	C:\Windows\System32\USER32.dll
0x00007ffe077f0000 - 0x00007ffe07816000 	C:\Windows\System32\win32u.dll
0x00007ffe09970000 - 0x00007ffe09999000 	C:\Windows\System32\GDI32.dll
0x00007ffdd8370000 - 0x00007ffdd8603000 	C:\Windows\WinSxS\amd64_microsoft.windows.common-controls_6595b64144ccf1df_6.0.22621.3527_none_270e469b73872a76\COMCTL32.dll
0x00007ffe075b0000 - 0x00007ffe076c9000 	C:\Windows\System32\gdi32full.dll
0x00007ffe09e40000 - 0x00007ffe09ee7000 	C:\Windows\System32\msvcrt.dll
0x00007ffe07eb0000 - 0x00007ffe07f4a000 	C:\Windows\System32\msvcp_win.dll
0x00007ffe09bc0000 - 0x00007ffe09bf1000 	C:\Windows\System32\IMM32.DLL
0x00007ffdffe90000 - 0x00007ffdffe9c000 	C:\Users\farhadalirezaei\AppData\Roaming\Code\User\globalStorage\pleiades.java-extension-pack-jdk\java\21\bin\vcruntime140_1.dll
0x00007ffdf0b10000 - 0x00007ffdf0b9e000 	C:\Users\farhadalirezaei\AppData\Roaming\Code\User\globalStorage\pleiades.java-extension-pack-jdk\java\21\bin\msvcp140.dll
0x00007ffd75b60000 - 0x00007ffd768e2000 	C:\Users\farhadalirezaei\AppData\Roaming\Code\User\globalStorage\pleiades.java-extension-pack-jdk\java\21\bin\server\jvm.dll
0x00007ffe08770000 - 0x00007ffe08822000 	C:\Windows\System32\ADVAPI32.dll
0x00007ffe09d20000 - 0x00007ffe09dc8000 	C:\Windows\System32\sechost.dll
0x00007ffe07c90000 - 0x00007ffe07cb8000 	C:\Windows\System32\bcrypt.dll
0x00007ffe08330000 - 0x00007ffe08445000 	C:\Windows\System32\RPCRT4.dll
0x00007ffe082b0000 - 0x00007ffe08321000 	C:\Windows\System32\WS2_32.dll
0x00007ffe07470000 - 0x00007ffe074bd000 	C:\Windows\SYSTEM32\POWRPROF.dll
0x00007ffdeec60000 - 0x00007ffdeec6a000 	C:\Windows\SYSTEM32\VERSION.dll
0x00007ffe01440000 - 0x00007ffe01474000 	C:\Windows\SYSTEM32\WINMM.dll
0x00007ffe07450000 - 0x00007ffe07463000 	C:\Windows\SYSTEM32\UMPDC.dll
0x00007ffe06590000 - 0x00007ffe065a8000 	C:\Windows\SYSTEM32\kernel.appcore.dll
0x00007ffdf2de0000 - 0x00007ffdf2dea000 	C:\Users\farhadalirezaei\AppData\Roaming\Code\User\globalStorage\pleiades.java-extension-pack-jdk\java\21\bin\jimage.dll
0x00007ffe04d40000 - 0x00007ffe04f72000 	C:\Windows\SYSTEM32\DBGHELP.DLL
0x00007ffe095e0000 - 0x00007ffe09968000 	C:\Windows\System32\combase.dll
0x00007ffe09f10000 - 0x00007ffe09fe7000 	C:\Windows\System32\OLEAUT32.dll
0x00007ffdeb190000 - 0x00007ffdeb1c2000 	C:\Windows\SYSTEM32\dbgcore.DLL
0x00007ffe07e30000 - 0x00007ffe07ea9000 	C:\Windows\System32\bcryptPrimitives.dll
0x00007ffdf2ce0000 - 0x00007ffdf2cef000 	C:\Users\farhadalirezaei\AppData\Roaming\Code\User\globalStorage\pleiades.java-extension-pack-jdk\java\21\bin\instrument.dll
0x00007ffdf0af0000 - 0x00007ffdf0b0f000 	C:\Users\farhadalirezaei\AppData\Roaming\Code\User\globalStorage\pleiades.java-extension-pack-jdk\java\21\bin\java.dll
0x00007ffe08830000 - 0x00007ffe0908c000 	C:\Windows\System32\SHELL32.dll
0x00007ffe054a0000 - 0x00007ffe05d96000 	C:\Windows\SYSTEM32\windows.storage.dll
0x00007ffe05360000 - 0x00007ffe0549e000 	C:\Windows\SYSTEM32\wintypes.dll
0x00007ffe07fc0000 - 0x00007ffe080b5000 	C:\Windows\System32\SHCORE.dll
0x00007ffe099a0000 - 0x00007ffe099fe000 	C:\Windows\System32\shlwapi.dll
0x00007ffe074e0000 - 0x00007ffe07501000 	C:\Windows\SYSTEM32\profapi.dll
0x00007ffdf0380000 - 0x00007ffdf0457000 	C:\Users\farhadalirezaei\AppData\Roaming\Code\User\globalStorage\pleiades.java-extension-pack-jdk\java\21\bin\jsvml.dll
0x00007ffdf0ab0000 - 0x00007ffdf0ac8000 	C:\Users\farhadalirezaei\AppData\Roaming\Code\User\globalStorage\pleiades.java-extension-pack-jdk\java\21\bin\zip.dll
0x00007ffdf2d50000 - 0x00007ffdf2d60000 	C:\Users\farhadalirezaei\AppData\Roaming\Code\User\globalStorage\pleiades.java-extension-pack-jdk\java\21\bin\net.dll
0x00007ffe02c00000 - 0x00007ffe02d36000 	C:\Windows\SYSTEM32\WINHTTP.dll
0x00007ffe069f0000 - 0x00007ffe06a59000 	C:\Windows\system32\mswsock.dll
0x00007ffdf0ad0000 - 0x00007ffdf0ae6000 	C:\Users\farhadalirezaei\AppData\Roaming\Code\User\globalStorage\pleiades.java-extension-pack-jdk\java\21\bin\nio.dll
0x00007ffdf21e0000 - 0x00007ffdf21f0000 	C:\Users\farhadalirezaei\AppData\Roaming\Code\User\globalStorage\pleiades.java-extension-pack-jdk\java\21\bin\verify.dll
0x00007ffdd4650000 - 0x00007ffdd468e000 	C:\Users\farhadalirezaei\AppData\Roaming\Code\User\globalStorage\redhat.java\1.30.0\config_win\org.eclipse.equinox.launcher\org.eclipse.equinox.launcher.win32.win32.x86_64_1.2.900.v20240213-1244\eclipse_11900.dll
0x00007ffe085c0000 - 0x00007ffe08765000 	C:\Windows\System32\ole32.dll
0x00007ffe06d40000 - 0x00007ffe06d5b000 	C:\Windows\SYSTEM32\CRYPTSP.dll
0x00007ffe064f0000 - 0x00007ffe06525000 	C:\Windows\system32\rsaenh.dll
0x00007ffe06a90000 - 0x00007ffe06ab8000 	C:\Windows\SYSTEM32\USERENV.dll
0x00007ffe06d20000 - 0x00007ffe06d2c000 	C:\Windows\SYSTEM32\CRYPTBASE.dll
0x00007ffe06040000 - 0x00007ffe0606d000 	C:\Windows\SYSTEM32\IPHLPAPI.DLL
0x00007ffe09c10000 - 0x00007ffe09c19000 	C:\Windows\System32\NSI.dll
0x00007ffdd4600000 - 0x00007ffdd4645000 	C:\Users\farhadalirezaei\AppData\Local\Temp\jna-201175112\jna10434673743785260481.dll
0x00007ffe09cb0000 - 0x00007ffe09cb8000 	C:\Windows\System32\PSAPI.DLL
0x00007ffe02a50000 - 0x00007ffe02a69000 	C:\Windows\SYSTEM32\dhcpcsvc6.DLL
0x00007ffe02750000 - 0x00007ffe0276f000 	C:\Windows\SYSTEM32\dhcpcsvc.DLL
0x00007ffdf0eb0000 - 0x00007ffdf0ebe000 	C:\Users\farhadalirezaei\AppData\Roaming\Code\User\globalStorage\pleiades.java-extension-pack-jdk\java\21\bin\sunmscapi.dll
0x00007ffe07cc0000 - 0x00007ffe07e28000 	C:\Windows\System32\CRYPT32.dll
0x00007ffe06e60000 - 0x00007ffe06e8e000 	C:\Windows\SYSTEM32\ncrypt.dll
0x00007ffe06e20000 - 0x00007ffe06e57000 	C:\Windows\SYSTEM32\NTASN1.dll
0x00007ffe06070000 - 0x00007ffe06168000 	C:\Windows\SYSTEM32\DNSAPI.dll
0x00007ffdff4d0000 - 0x00007ffdff4da000 	C:\Windows\System32\rasadhlp.dll
0x00007ffdff710000 - 0x00007ffdff793000 	C:\Windows\System32\fwpuclnt.dll
0x00007ffdf0df0000 - 0x00007ffdf0df9000 	C:\Users\farhadalirezaei\AppData\Roaming\Code\User\globalStorage\pleiades.java-extension-pack-jdk\java\21\bin\extnet.dll

dbghelp: loaded successfully - version: 4.0.5 - missing functions: none
symbol engine: initialized successfully - sym options: 0x614 - pdb path: .;C:\Users\farhadalirezaei\AppData\Roaming\Code\User\globalStorage\pleiades.java-extension-pack-jdk\java\21\bin;C:\Windows\SYSTEM32;C:\Windows\WinSxS\amd64_microsoft.windows.common-controls_6595b64144ccf1df_6.0.22621.3527_none_270e469b73872a76;C:\Users\farhadalirezaei\AppData\Roaming\Code\User\globalStorage\pleiades.java-extension-pack-jdk\java\21\bin\server;C:\Users\farhadalirezaei\AppData\Roaming\Code\User\globalStorage\redhat.java\1.30.0\config_win\org.eclipse.equinox.launcher\org.eclipse.equinox.launcher.win32.win32.x86_64_1.2.900.v20240213-1244;C:\Users\farhadalirezaei\AppData\Local\Temp\jna-201175112

VM Arguments:
jvm_args: --add-modules=ALL-SYSTEM --add-opens=java.base/java.util=ALL-UNNAMED --add-opens=java.base/java.lang=ALL-UNNAMED --add-opens=java.base/sun.nio.fs=ALL-UNNAMED -Declipse.application=org.eclipse.jdt.ls.core.id1 -Dosgi.bundles.defaultStartLevel=4 -Declipse.product=org.eclipse.jdt.ls.core.product -Djava.import.generatesMetadataFilesAtProjectRoot=false -DDetectVMInstallationsJob.disabled=true -Dfile.encoding=utf8 -XX:+UseParallelGC -XX:GCTimeRatio=4 -XX:AdaptiveSizePolicyWeight=90 -Dsun.zip.disableMemoryMapping=true -Xmx1G -Xms100m -Xlog:disable -javaagent:c:\Users\farhadalirezaei\.vscode\extensions\redhat.java-1.30.0\lombok\lombok-1.18.32.jar -XX:+HeapDumpOnOutOfMemoryError -XX:HeapDumpPath=c:\Users\farhadalirezaei\AppData\Roaming\Code\User\workspaceStorage\bd6c181263f00520c165137bc50203a8\redhat.java -Daether.dependencyCollector.impl=bf 
java_command: c:\Users\farhadalirezaei\.vscode\extensions\redhat.java-1.30.0\server\plugins\org.eclipse.equinox.launcher_1.6.800.v20240330-1250.jar -configuration c:\Users\farhadalirezaei\AppData\Roaming\Code\User\globalStorage\redhat.java\1.30.0\config_win -data c:\Users\farhadalirezaei\AppData\Roaming\Code\User\workspaceStorage\bd6c181263f00520c165137bc50203a8\redhat.java\jdt_ws --pipe=\\.\pipe\lsp-63a662f777614a8ed3da6979eaeb04a1-sock
java_class_path (initial): c:\Users\farhadalirezaei\.vscode\extensions\redhat.java-1.30.0\server\plugins\org.eclipse.equinox.launcher_1.6.800.v20240330-1250.jar
Launcher Type: SUN_STANDARD

[Global flags]
    uintx AdaptiveSizePolicyWeight                 = 90                                        {product} {command line}
     intx CICompilerCount                          = 4                                         {product} {ergonomic}
    uintx GCTimeRatio                              = 4                                         {product} {command line}
     bool HeapDumpOnOutOfMemoryError               = true                                   {manageable} {command line}
    ccstr HeapDumpPath                             = c:\Users\farhadalirezaei\AppData\Roaming\Code\User\workspaceStorage\bd6c181263f00520c165137bc50203a8\redhat.java         {manageable} {command line}
   size_t InitialHeapSize                          = 104857600                                 {product} {command line}
   size_t MaxHeapSize                              = 1073741824                                {product} {command line}
   size_t MaxNewSize                               = 357564416                                 {product} {ergonomic}
   size_t MinHeapDeltaBytes                        = 524288                                    {product} {ergonomic}
   size_t MinHeapSize                              = 104857600                                 {product} {command line}
   size_t NewSize                                  = 34603008                                  {product} {ergonomic}
    uintx NonNMethodCodeHeapSize                   = 5839372                                {pd product} {ergonomic}
    uintx NonProfiledCodeHeapSize                  = 122909434                              {pd product} {ergonomic}
   size_t OldSize                                  = 70254592                                  {product} {ergonomic}
     bool PerfDisableSharedMem                     = true                                      {product} {ergonomic}
    uintx ProfiledCodeHeapSize                     = 122909434                              {pd product} {ergonomic}
    uintx ReservedCodeCacheSize                    = 251658240                              {pd product} {ergonomic}
     bool SegmentedCodeCache                       = true                                      {product} {ergonomic}
   size_t SoftMaxHeapSize                          = 1073741824                             {manageable} {ergonomic}
     bool UseCompressedOops                        = true                           {product lp64_product} {ergonomic}
     bool UseLargePagesIndividualAllocation        = false                                  {pd product} {ergonomic}
     bool UseParallelGC                            = true                                      {product} {command line}

Logging:
Log output configuration:
 #0: stdout all=off uptime,level,tags foldmultilines=false
 #1: stderr all=off uptime,level,tags foldmultilines=false

Environment Variables:
JAVA_HOME=C:\Program Files\Java\jdk-1.8
PATH=C:\Program Files\Common Files\Oracle\Java\javapath;C:\Program Files (x86)\Common Files\Oracle\Java\java8path;C:\Program Files (x86)\Common Files\Oracle\Java\javapath;C:\Windows\system32;C:\Windows;C:\Windows\System32\Wbem;C:\Windows\System32\WindowsPowerShell\v1.0\;C:\Windows\System32\OpenSSH\;C:\Program Files\dotnet\;C:\Program Files\Microsoft VS Code\bin;C:\Program Files\Git\cmd;C:\Users\farhadalirezaei\AppData\Local\Microsoft\WindowsApps;C:\Program Files\Microsoft VS Code\bin;C:\msys64\ucrt64\bin;C:\msys64\mingw64\bin;C:\msys64\mingw32\bin;C:\msys64\clang32\bin;C:\msys64\clang64\bin;C:\msys64\clangarm64\bin;C:\msys64\ucrt64;C:\msys64\mingw64;C:\Users\farhadalirezaei\AppData\Local\Programs\Python\Python311\Scripts;C:\Users\farhadalirezaei\AppData\Local\Programs\Python\Python311\;C:\cygwin64\bin;C:\Users\farhadalirezaei\AppData\Local\GitHubDesktop\bin
USERNAME=farhadalirezaei
OS=Windows_NT
PROCESSOR_IDENTIFIER=Intel64 Family 6 Model 154 Stepping 4, GenuineIntel
TMP=C:\Users\FARHAD~1\AppData\Local\Temp
TEMP=C:\Users\FARHAD~1\AppData\Local\Temp




Periodic native trim disabled

---------------  S Y S T E M  ---------------

OS:
 Windows 11 , 64 bit Build 22621 (10.0.22621.3527)
OS uptime: 2 days 2:14 hours
Hyper-V role detected

CPU: total 12 (initial active 12) (6 cores per cpu, 2 threads per core) family 6 model 154 stepping 4 microcode 0x424, cx8, cmov, fxsr, ht, mmx, 3dnowpref, sse, sse2, sse3, ssse3, sse4.1, sse4.2, popcnt, lzcnt, tsc, tscinvbit, avx, avx2, aes, erms, clmul, bmi1, bmi2, adx, sha, fma, vzeroupper, clflush, clflushopt, clwb, hv, serialize, rdtscp, rdpid, fsrm, f16c, cet_ibt, cet_ss
Processor Information for processor 0
  Max Mhz: 1300, Current Mhz: 1300, Mhz Limit: 1300
Processor Information for processor 1
  Max Mhz: 1300, Current Mhz: 1300, Mhz Limit: 1300
Processor Information for processor 2
  Max Mhz: 1300, Current Mhz: 1300, Mhz Limit: 1300
Processor Information for processor 3
  Max Mhz: 1300, Current Mhz: 1300, Mhz Limit: 1300
Processor Information for processor 4
  Max Mhz: 900, Current Mhz: 900, Mhz Limit: 900
Processor Information for processor 5
  Max Mhz: 900, Current Mhz: 900, Mhz Limit: 900
Processor Information for processor 6
  Max Mhz: 900, Current Mhz: 900, Mhz Limit: 900
Processor Information for processor 7
  Max Mhz: 900, Current Mhz: 900, Mhz Limit: 900
Processor Information for processor 8
  Max Mhz: 900, Current Mhz: 900, Mhz Limit: 900
Processor Information for processor 9
  Max Mhz: 900, Current Mhz: 900, Mhz Limit: 900
Processor Information for processor 10
  Max Mhz: 900, Current Mhz: 900, Mhz Limit: 900
Processor Information for processor 11
  Max Mhz: 900, Current Mhz: 900, Mhz Limit: 900

Memory: 4k page, system-wide physical 16108M (6594M free)
TotalPageFile size 18540M (AvailPageFile size 5391M)
current process WorkingSet (physical memory assigned to process): 710M, peak: 1211M
current process commit charge ("private bytes"): 528M, peak: 1061M

vm_info: OpenJDK 64-Bit Server VM (21.0.3+9-LTS) for windows-amd64 JRE (21.0.3+9-LTS), built on 2024-04-16T00:00:00Z by "admin" with MS VC++ 17.7 (VS2022)

END.
